<?xml version="1.0" encoding="UTF-8"?>
<testsuite xmlns:xsi="http://www.w3.org/2001/XMLSchema-instance" xsi:noNamespaceSchemaLocation="https://maven.apache.org/surefire/maven-surefire-plugin/xsd/surefire-test-report-3.0.xsd" version="3.0" name="com.contenttree.ContenttreeApplicationTests" time="19.972" tests="1" errors="1" skipped="0" failures="0">
  <properties>
[...]
</properties>
  <testcase name="contextLoads" classname="com.contenttree.ContenttreeApplicationTests" time="0.022">
    <error message="Failed to load ApplicationContext for [WebMergedContextConfiguration@712adc04 testClass = com.contenttree.ContenttreeApplicationTests, locations = [], classes = [com.contenttree.ContenttreeApplication], contextInitializerClasses = [], activeProfiles = [], propertySourceDescriptors = [], propertySourceProperties = [&quot;org.springframework.boot.test.context.SpringBootTestContextBootstrapper=true&quot;], contextCustomizers = [org.springframework.boot.test.context.filter.ExcludeFilterContextCustomizer@13d73f29, org.springframework.boot.test.json.DuplicateJsonObjectContextCustomizerFactory$DuplicateJsonObjectContextCustomizer@2fb0623e, org.springframework.boot.test.mock.mockito.MockitoContextCustomizer@0, org.springframework.boot.test.web.client.TestRestTemplateContextCustomizer@4ee203eb, org.springframework.boot.test.web.reactor.netty.DisableReactorResourceFactoryGlobalResourcesContextCustomizerFactory$DisableReactorResourceFactoryGlobalResourcesContextCustomizerCustomizer@6bb4dd34, org.springframework.boot.test.autoconfigure.actuate.observability.ObservabilityContextCustomizerFactory$DisableObservabilityContextCustomizer@1f, org.springframework.boot.test.autoconfigure.properties.PropertyMappingContextCustomizer@0, org.springframework.boot.test.autoconfigure.web.servlet.WebDriverContextCustomizer@4bff7da0, org.springframework.boot.test.context.SpringBootTestAnnotation@8f2f9999], resourceBasePath = &quot;src/main/webapp&quot;, contextLoader = org.springframework.boot.test.context.SpringBootContextLoader, parent = null]" type="java.lang.IllegalStateException"><![CDATA[java.lang.IllegalStateException: Failed to load ApplicationContext for [WebMergedContextConfiguration@712adc04 testClass = com.contenttree.ContenttreeApplicationTests, locations = [], classes = [com.contenttree.ContenttreeApplication], contextInitializerClasses = [], activeProfiles = [], propertySourceDescriptors = [], propertySourceProperties = ["org.springframework.boot.test.context.SpringBootTestContextBootstrapper=true"], contextCustomizers = [org.springframework.boot.test.context.filter.ExcludeFilterContextCustomizer@13d73f29, org.springframework.boot.test.json.DuplicateJsonObjectContextCustomizerFactory$DuplicateJsonObjectContextCustomizer@2fb0623e, org.springframework.boot.test.mock.mockito.MockitoContextCustomizer@0, org.springframework.boot.test.web.client.TestRestTemplateContextCustomizer@4ee203eb, org.springframework.boot.test.web.reactor.netty.DisableReactorResourceFactoryGlobalResourcesContextCustomizerFactory$DisableReactorResourceFactoryGlobalResourcesContextCustomizerCustomizer@6bb4dd34, org.springframework.boot.test.autoconfigure.actuate.observability.ObservabilityContextCustomizerFactory$DisableObservabilityContextCustomizer@1f, org.springframework.boot.test.autoconfigure.properties.PropertyMappingContextCustomizer@0, org.springframework.boot.test.autoconfigure.web.servlet.WebDriverContextCustomizer@4bff7da0, org.springframework.boot.test.context.SpringBootTestAnnotation@8f2f9999], resourceBasePath = "src/main/webapp", contextLoader = org.springframework.boot.test.context.SpringBootContextLoader, parent = null]
	at org.springframework.test.context.cache.DefaultCacheAwareContextLoaderDelegate.loadContext(DefaultCacheAwareContextLoaderDelegate.java:180)
	at org.springframework.test.context.support.DefaultTestContext.getApplicationContext(DefaultTestContext.java:130)
	at org.springframework.test.context.web.ServletTestExecutionListener.setUpRequestContextIfNecessary(ServletTestExecutionListener.java:191)
	at org.springframework.test.context.web.ServletTestExecutionListener.prepareTestInstance(ServletTestExecutionListener.java:130)
	at org.springframework.test.context.TestContextManager.prepareTestInstance(TestContextManager.java:260)
	at org.springframework.test.context.junit.jupiter.SpringExtension.postProcessTestInstance(SpringExtension.java:163)
	at java.base/java.util.stream.ReferencePipeline$3$1.accept(ReferencePipeline.java:197)
	at java.base/java.util.stream.ReferencePipeline$2$1.accept(ReferencePipeline.java:179)
	at java.base/java.util.ArrayList$ArrayListSpliterator.forEachRemaining(ArrayList.java:1625)
	at java.base/java.util.stream.AbstractPipeline.copyInto(AbstractPipeline.java:509)
	at java.base/java.util.stream.AbstractPipeline.wrapAndCopyInto(AbstractPipeline.java:499)
	at java.base/java.util.stream.StreamSpliterators$WrappingSpliterator.forEachRemaining(StreamSpliterators.java:310)
	at java.base/java.util.stream.Streams$ConcatSpliterator.forEachRemaining(Streams.java:735)
	at java.base/java.util.stream.Streams$ConcatSpliterator.forEachRemaining(Streams.java:734)
	at java.base/java.util.stream.ReferencePipeline$Head.forEach(ReferencePipeline.java:762)
	at java.base/java.util.Optional.orElseGet(Optional.java:364)
	at java.base/java.util.ArrayList.forEach(ArrayList.java:1511)
	at java.base/java.util.ArrayList.forEach(ArrayList.java:1511)
Caused by: org.springframework.beans.factory.BeanCreationException: Error creating bean with name 'userDataStorageRepository' defined in com.contenttree.userdatastorage.UserDataStorageRepository defined in @EnableJpaRepositories declared on JpaRepositoriesRegistrar.EnableJpaRepositoriesConfiguration: Not a managed type: class com.contenttree.userdatastorage.UserDataStorage
	at org.springframework.beans.factory.support.AbstractAutowireCapableBeanFactory.initializeBean(AbstractAutowireCapableBeanFactory.java:1806)
	at org.springframework.beans.factory.support.AbstractAutowireCapableBeanFactory.doCreateBean(AbstractAutowireCapableBeanFactory.java:600)
	at org.springframework.beans.factory.support.AbstractAutowireCapableBeanFactory.createBean(AbstractAutowireCapableBeanFactory.java:522)
	at org.springframework.beans.factory.support.AbstractBeanFactory.lambda$doGetBean$0(AbstractBeanFactory.java:337)
	at org.springframework.beans.factory.support.DefaultSingletonBeanRegistry.getSingleton(DefaultSingletonBeanRegistry.java:234)
	at org.springframework.beans.factory.support.AbstractBeanFactory.doGetBean(AbstractBeanFactory.java:335)
	at org.springframework.beans.factory.support.AbstractBeanFactory.getBean(AbstractBeanFactory.java:200)
	at org.springframework.beans.factory.support.DefaultListableBeanFactory.preInstantiateSingletons(DefaultListableBeanFactory.java:969)
	at org.springframework.context.support.AbstractApplicationContext.finishBeanFactoryInitialization(AbstractApplicationContext.java:971)
	at org.springframework.context.support.AbstractApplicationContext.refresh(AbstractApplicationContext.java:625)
	at org.springframework.boot.SpringApplication.refresh(SpringApplication.java:754)
	at org.springframework.boot.SpringApplication.refreshContext(SpringApplication.java:456)
	at org.springframework.boot.SpringApplication.run(SpringApplication.java:335)
	at org.springframework.boot.test.context.SpringBootContextLoader.lambda$loadContext$3(SpringBootContextLoader.java:137)
	at org.springframework.util.function.ThrowingSupplier.get(ThrowingSupplier.java:58)
	at org.springframework.util.function.ThrowingSupplier.get(ThrowingSupplier.java:46)
	at org.springframework.boot.SpringApplication.withHook(SpringApplication.java:1463)
	at org.springframework.boot.test.context.SpringBootContextLoader$ContextLoaderHook.run(SpringBootContextLoader.java:553)
	at org.springframework.boot.test.context.SpringBootContextLoader.loadContext(SpringBootContextLoader.java:137)
	at org.springframework.boot.test.context.SpringBootContextLoader.loadContext(SpringBootContextLoader.java:108)
	at org.springframework.test.context.cache.DefaultCacheAwareContextLoaderDelegate.loadContextInternal(DefaultCacheAwareContextLoaderDelegate.java:225)
	at org.springframework.test.context.cache.DefaultCacheAwareContextLoaderDelegate.loadContext(DefaultCacheAwareContextLoaderDelegate.java:152)
	... 17 more
Caused by: java.lang.IllegalArgumentException: Not a managed type: class com.contenttree.userdatastorage.UserDataStorage
	at org.hibernate.metamodel.model.domain.internal.JpaMetamodelImpl.managedType(JpaMetamodelImpl.java:194)
	at org.hibernate.metamodel.model.domain.internal.MappingMetamodelImpl.managedType(MappingMetamodelImpl.java:469)
	at org.hibernate.metamodel.model.domain.internal.MappingMetamodelImpl.managedType(MappingMetamodelImpl.java:99)
	at org.springframework.data.jpa.repository.support.JpaMetamodelEntityInformation.<init>(JpaMetamodelEntityInformation.java:82)
	at org.springframework.data.jpa.repository.support.JpaEntityInformationSupport.getEntityInformation(JpaEntityInformationSupport.java:69)
	at org.springframework.data.jpa.repository.support.JpaRepositoryFactory.getEntityInformation(JpaRepositoryFactory.java:249)
	at org.springframework.data.jpa.repository.support.JpaRepositoryFactory.getTargetRepository(JpaRepositoryFactory.java:214)
	at org.springframework.data.jpa.repository.support.JpaRepositoryFactory.getTargetRepository(JpaRepositoryFactory.java:197)
	at org.springframework.data.jpa.repository.support.JpaRepositoryFactory.getTargetRepository(JpaRepositoryFactory.java:1)
	at org.springframework.data.repository.core.support.RepositoryFactorySupport.getRepository(RepositoryFactorySupport.java:317)
	at org.springframework.data.repository.core.support.RepositoryFactoryBeanSupport.lambda$afterPropertiesSet$5(RepositoryFactoryBeanSupport.java:286)
	at org.springframework.data.util.Lazy.getNullable(Lazy.java:135)
	at org.springframework.data.util.Lazy.get(Lazy.java:113)
	at org.springframework.data.repository.core.support.RepositoryFactoryBeanSupport.afterPropertiesSet(RepositoryFactoryBeanSupport.java:292)
	at org.springframework.data.jpa.repository.support.JpaRepositoryFactoryBean.afterPropertiesSet(JpaRepositoryFactoryBean.java:132)
	at org.springframework.beans.factory.support.AbstractAutowireCapableBeanFactory.invokeInitMethods(AbstractAutowireCapableBeanFactory.java:1853)
	at org.springframework.beans.factory.support.AbstractAutowireCapableBeanFactory.initializeBean(AbstractAutowireCapableBeanFactory.java:1802)
	... 38 more
]]></error>
    <system-out><![CDATA[21:56:33.835 [main] INFO org.springframework.test.context.support.AnnotationConfigContextLoaderUtils -- Could not detect default configuration classes for test class [com.contenttree.ContenttreeApplicationTests]: ContenttreeApplicationTests does not declare any static, non-private, non-final, nested classes annotated with @Configuration.
21:56:34.088 [main] INFO org.springframework.boot.test.context.SpringBootTestContextBootstrapper -- Found @SpringBootConfiguration com.contenttree.ContenttreeApplication for test class com.contenttree.ContenttreeApplicationTests

  .   ____          _            __ _ _
 /\\ / ___'_ __ _ _(_)_ __  __ _ \ \ \ \
( ( )\___ | '_ | '_| | '_ \/ _` | \ \ \ \
 \\/  ___)| |_)| | | | | || (_| |  ) ) ) )
  '  |____| .__|_| |_|_| |_\__, | / / / /
 =========|_|==============|___/=/_/_/_/

 :: Spring Boot ::                (v3.3.4)

2024-11-07T21:56:35.928+05:30  INFO 10112 --- [contenttree] [           main] c.c.ContenttreeApplicationTests          : Starting ContenttreeApplicationTests using Java 17.0.12 with PID 10112 (started by user65 in D:\Java\infinityDemandDay)
2024-11-07T21:56:35.941+05:30  INFO 10112 --- [contenttree] [           main] c.c.ContenttreeApplicationTests          : No active profile set, falling back to 1 default profile: "default"
2024-11-07T21:56:35.952+05:30 DEBUG 10112 --- [contenttree] [           main] o.s.boot.SpringApplication               : Loading source class com.contenttree.ContenttreeApplication
2024-11-07T21:56:36.338+05:30 DEBUG 10112 --- [contenttree] [           main] o.s.w.c.s.GenericWebApplicationContext   : Refreshing org.springframework.web.context.support.GenericWebApplicationContext@4d0402b
2024-11-07T21:56:36.489+05:30 DEBUG 10112 --- [contenttree] [           main] o.s.b.f.s.DefaultListableBeanFactory     : Creating shared instance of singleton bean 'org.springframework.context.annotation.internalConfigurationAnnotationProcessor'
2024-11-07T21:56:36.609+05:30 DEBUG 10112 --- [contenttree] [           main] o.s.b.f.s.DefaultListableBeanFactory     : Creating shared instance of singleton bean 'org.springframework.boot.autoconfigure.internalCachingMetadataReaderFactory'
2024-11-07T21:56:36.787+05:30 DEBUG 10112 --- [contenttree] [           main] o.s.c.a.ClassPathBeanDefinitionScanner   : Identified candidate component class: file [D:\Java\infinityDemandDay\target\classes\com\contenttree\admin\AdminController.class]
2024-11-07T21:56:36.791+05:30 DEBUG 10112 --- [contenttree] [           main] o.s.c.a.ClassPathBeanDefinitionScanner   : Ignored because not a concrete top-level class: file [D:\Java\infinityDemandDay\target\classes\com\contenttree\admin\AdminRepository.class]
2024-11-07T21:56:36.794+05:30 DEBUG 10112 --- [contenttree] [           main] o.s.c.a.ClassPathBeanDefinitionScanner   : Identified candidate component class: file [D:\Java\infinityDemandDay\target\classes\com\contenttree\admin\AdminService.class]
2024-11-07T21:56:36.799+05:30 DEBUG 10112 --- [contenttree] [           main] o.s.c.a.ClassPathBeanDefinitionScanner   : Identified candidate component class: file [D:\Java\infinityDemandDay\target\classes\com\contenttree\banner\BannerController.class]
2024-11-07T21:56:36.804+05:30 DEBUG 10112 --- [contenttree] [           main] o.s.c.a.ClassPathBeanDefinitionScanner   : Ignored because not a concrete top-level class: file [D:\Java\infinityDemandDay\target\classes\com\contenttree\banner\BannerRepository.class]
2024-11-07T21:56:36.805+05:30 DEBUG 10112 --- [contenttree] [           main] o.s.c.a.ClassPathBeanDefinitionScanner   : Identified candidate component class: file [D:\Java\infinityDemandDay\target\classes\com\contenttree\banner\BannerService.class]
2024-11-07T21:56:36.810+05:30 DEBUG 10112 --- [contenttree] [           main] o.s.c.a.ClassPathBeanDefinitionScanner   : Identified candidate component class: file [D:\Java\infinityDemandDay\target\classes\com\contenttree\category\CategoryController.class]
2024-11-07T21:56:36.811+05:30 DEBUG 10112 --- [contenttree] [           main] o.s.c.a.ClassPathBeanDefinitionScanner   : Ignored because not a concrete top-level class: file [D:\Java\infinityDemandDay\target\classes\com\contenttree\category\CategoryRepository.class]
2024-11-07T21:56:36.813+05:30 DEBUG 10112 --- [contenttree] [           main] o.s.c.a.ClassPathBeanDefinitionScanner   : Identified candidate component class: file [D:\Java\infinityDemandDay\target\classes\com\contenttree\category\CategoryService.class]
2024-11-07T21:56:36.815+05:30 DEBUG 10112 --- [contenttree] [           main] o.s.c.a.ClassPathBeanDefinitionScanner   : Identified candidate component class: file [D:\Java\infinityDemandDay\target\classes\com\contenttree\config\CustomUserDetailsService.class]
2024-11-07T21:56:36.836+05:30 DEBUG 10112 --- [contenttree] [           main] o.s.c.a.ClassPathBeanDefinitionScanner   : Identified candidate component class: file [D:\Java\infinityDemandDay\target\classes\com\contenttree\config\SpringSecurityConfig.class]
2024-11-07T21:56:36.838+05:30 DEBUG 10112 --- [contenttree] [           main] o.s.c.a.ClassPathBeanDefinitionScanner   : Identified candidate component class: file [D:\Java\infinityDemandDay\target\classes\com\contenttree\config\WebConfig.class]
2024-11-07T21:56:36.841+05:30 DEBUG 10112 --- [contenttree] [           main] o.s.c.a.ClassPathBeanDefinitionScanner   : Ignored because not a concrete top-level class: file [D:\Java\infinityDemandDay\target\classes\com\contenttree\confirmationtoken\ConfirmationTokenRepository.class]
2024-11-07T21:56:36.843+05:30 DEBUG 10112 --- [contenttree] [           main] o.s.c.a.ClassPathBeanDefinitionScanner   : Identified candidate component class: file [D:\Java\infinityDemandDay\target\classes\com\contenttree\controller\Controller.class]
2024-11-07T21:56:36.849+05:30 DEBUG 10112 --- [contenttree] [           main] o.s.c.a.ClassPathBeanDefinitionScanner   : Identified candidate component class: file [D:\Java\infinityDemandDay\target\classes\com\contenttree\downloadlog\DownloadLogMapper.class]
2024-11-07T21:56:36.851+05:30 DEBUG 10112 --- [contenttree] [           main] o.s.c.a.ClassPathBeanDefinitionScanner   : Ignored because not a concrete top-level class: file [D:\Java\infinityDemandDay\target\classes\com\contenttree\downloadlog\DownloadLogRepository.class]
2024-11-07T21:56:36.852+05:30 DEBUG 10112 --- [contenttree] [           main] o.s.c.a.ClassPathBeanDefinitionScanner   : Identified candidate component class: file [D:\Java\infinityDemandDay\target\classes\com\contenttree\downloadlog\DownloadLogService.class]
2024-11-07T21:56:36.854+05:30 DEBUG 10112 --- [contenttree] [           main] o.s.c.a.ClassPathBeanDefinitionScanner   : Identified candidate component class: file [D:\Java\infinityDemandDay\target\classes\com\contenttree\home\HomePageController.class]
2024-11-07T21:56:36.862+05:30 DEBUG 10112 --- [contenttree] [           main] o.s.c.a.ClassPathBeanDefinitionScanner   : Identified candidate component class: file [D:\Java\infinityDemandDay\target\classes\com\contenttree\security\AdminJwtHelper.class]
2024-11-07T21:56:36.864+05:30 DEBUG 10112 --- [contenttree] [           main] o.s.c.a.ClassPathBeanDefinitionScanner   : Identified candidate component class: file [D:\Java\infinityDemandDay\target\classes\com\contenttree\security\JwtAuthenticationEntryPoint.class]
2024-11-07T21:56:36.870+05:30 DEBUG 10112 --- [contenttree] [           main] o.s.c.a.ClassPathBeanDefinitionScanner   : Identified candidate component class: file [D:\Java\infinityDemandDay\target\classes\com\contenttree\security\JwtHelper.class]
2024-11-07T21:56:36.873+05:30 DEBUG 10112 --- [contenttree] [           main] o.s.c.a.ClassPathBeanDefinitionScanner   : Identified candidate component class: file [D:\Java\infinityDemandDay\target\classes\com\contenttree\security\UserJwtHelper.class]
2024-11-07T21:56:36.875+05:30 DEBUG 10112 --- [contenttree] [           main] o.s.c.a.ClassPathBeanDefinitionScanner   : Identified candidate component class: file [D:\Java\infinityDemandDay\target\classes\com\contenttree\security\VendorJwtHelper.class]
2024-11-07T21:56:36.888+05:30 DEBUG 10112 --- [contenttree] [           main] o.s.c.a.ClassPathBeanDefinitionScanner   : Identified candidate component class: file [D:\Java\infinityDemandDay\target\classes\com\contenttree\solutionsets\SolutionSetsController.class]
2024-11-07T21:56:36.896+05:30 DEBUG 10112 --- [contenttree] [           main] o.s.c.a.ClassPathBeanDefinitionScanner   : Ignored because not a concrete top-level class: file [D:\Java\infinityDemandDay\target\classes\com\contenttree\solutionsets\SolutionSetsRepository.class]
2024-11-07T21:56:36.898+05:30 DEBUG 10112 --- [contenttree] [           main] o.s.c.a.ClassPathBeanDefinitionScanner   : Identified candidate component class: file [D:\Java\infinityDemandDay\target\classes\com\contenttree\solutionsets\SolutionSetsService.class]
2024-11-07T21:56:36.908+05:30 DEBUG 10112 --- [contenttree] [           main] o.s.c.a.ClassPathBeanDefinitionScanner   : Ignored because not a concrete top-level class: file [D:\Java\infinityDemandDay\target\classes\com\contenttree\userdatastorage\UserDataStorageRepository.class]
2024-11-07T21:56:36.910+05:30 DEBUG 10112 --- [contenttree] [           main] o.s.c.a.ClassPathBeanDefinitionScanner   : Identified candidate component class: file [D:\Java\infinityDemandDay\target\classes\com\contenttree\userdatastorage\UserDataStorageService.class]
2024-11-07T21:56:36.914+05:30 DEBUG 10112 --- [contenttree] [           main] o.s.c.a.ClassPathBeanDefinitionScanner   : Identified candidate component class: file [D:\Java\infinityDemandDay\target\classes\com\contenttree\user\EmailService.class]
2024-11-07T21:56:36.927+05:30 DEBUG 10112 --- [contenttree] [           main] o.s.c.a.ClassPathBeanDefinitionScanner   : Identified candidate component class: file [D:\Java\infinityDemandDay\target\classes\com\contenttree\user\UserController.class]
2024-11-07T21:56:36.930+05:30 DEBUG 10112 --- [contenttree] [           main] o.s.c.a.ClassPathBeanDefinitionScanner   : Ignored because not a concrete top-level class: file [D:\Java\infinityDemandDay\target\classes\com\contenttree\user\UserRepository.class]
2024-11-07T21:56:36.932+05:30 DEBUG 10112 --- [contenttree] [           main] o.s.c.a.ClassPathBeanDefinitionScanner   : Identified candidate component class: file [D:\Java\infinityDemandDay\target\classes\com\contenttree\user\UserService.class]
2024-11-07T21:56:36.936+05:30 DEBUG 10112 --- [contenttree] [           main] o.s.c.a.ClassPathBeanDefinitionScanner   : Identified candidate component class: file [D:\Java\infinityDemandDay\target\classes\com\contenttree\vendor\VendorController.class]
2024-11-07T21:56:36.940+05:30 DEBUG 10112 --- [contenttree] [           main] o.s.c.a.ClassPathBeanDefinitionScanner   : Ignored because not a concrete top-level class: file [D:\Java\infinityDemandDay\target\classes\com\contenttree\vendor\VendorRepository.class]
2024-11-07T21:56:36.945+05:30 DEBUG 10112 --- [contenttree] [           main] o.s.c.a.ClassPathBeanDefinitionScanner   : Identified candidate component class: file [D:\Java\infinityDemandDay\target\classes\com\contenttree\vendor\VendorsService.class]
2024-11-07T21:56:38.652+05:30  INFO 10112 --- [contenttree] [           main] .s.d.r.c.RepositoryConfigurationDelegate : Bootstrapping Spring Data JPA repositories in DEFAULT mode.
2024-11-07T21:56:38.675+05:30 DEBUG 10112 --- [contenttree] [           main] o.s.b.f.s.DefaultListableBeanFactory     : Creating shared instance of singleton bean 'org.springframework.boot.autoconfigure.AutoConfigurationPackages'
2024-11-07T21:56:38.694+05:30 DEBUG 10112 --- [contenttree] [           main] o.s.b.a.AutoConfigurationPackages        : @EnableAutoConfiguration was declared on a class in the package 'com.contenttree'. Automatic @Repository and @Entity scanning is enabled.
2024-11-07T21:56:38.697+05:30 DEBUG 10112 --- [contenttree] [           main] .s.d.r.c.RepositoryConfigurationDelegate : Scanning for JPA repositories in packages com.contenttree.
2024-11-07T21:56:38.724+05:30 DEBUG 10112 --- [contenttree] [           main] o.s.d.r.c.RepositoryComponentProvider    : Identified candidate component class: file [D:\Java\infinityDemandDay\target\classes\com\contenttree\admin\AdminRepository.class]
2024-11-07T21:56:38.725+05:30 DEBUG 10112 --- [contenttree] [           main] o.s.d.r.c.RepositoryComponentProvider    : Identified candidate component class: file [D:\Java\infinityDemandDay\target\classes\com\contenttree\banner\BannerRepository.class]
2024-11-07T21:56:38.725+05:30 DEBUG 10112 --- [contenttree] [           main] o.s.d.r.c.RepositoryComponentProvider    : Identified candidate component class: file [D:\Java\infinityDemandDay\target\classes\com\contenttree\category\CategoryRepository.class]
2024-11-07T21:56:38.727+05:30 DEBUG 10112 --- [contenttree] [           main] o.s.d.r.c.RepositoryComponentProvider    : Identified candidate component class: file [D:\Java\infinityDemandDay\target\classes\com\contenttree\confirmationtoken\ConfirmationTokenRepository.class]
2024-11-07T21:56:38.727+05:30 DEBUG 10112 --- [contenttree] [           main] o.s.d.r.c.RepositoryComponentProvider    : Identified candidate component class: file [D:\Java\infinityDemandDay\target\classes\com\contenttree\downloadlog\DownloadLogRepository.class]
2024-11-07T21:56:38.731+05:30 DEBUG 10112 --- [contenttree] [           main] o.s.d.r.c.RepositoryComponentProvider    : Identified candidate component class: file [D:\Java\infinityDemandDay\target\classes\com\contenttree\solutionsets\SolutionSetsRepository.class]
2024-11-07T21:56:38.731+05:30 DEBUG 10112 --- [contenttree] [           main] o.s.d.r.c.RepositoryComponentProvider    : Identified candidate component class: file [D:\Java\infinityDemandDay\target\classes\com\contenttree\userdatastorage\UserDataStorageRepository.class]
2024-11-07T21:56:38.732+05:30 DEBUG 10112 --- [contenttree] [           main] o.s.d.r.c.RepositoryComponentProvider    : Identified candidate component class: file [D:\Java\infinityDemandDay\target\classes\com\contenttree\user\UserRepository.class]
2024-11-07T21:56:38.732+05:30 DEBUG 10112 --- [contenttree] [           main] o.s.d.r.c.RepositoryComponentProvider    : Identified candidate component class: file [D:\Java\infinityDemandDay\target\classes\com\contenttree\vendor\VendorRepository.class]
2024-11-07T21:56:38.856+05:30  INFO 10112 --- [contenttree] [           main] .s.d.r.c.RepositoryConfigurationDelegate : Finished Spring Data repository scanning in 157 ms. Found 9 JPA repository interfaces.
2024-11-07T21:56:39.124+05:30 DEBUG 10112 --- [contenttree] [           main] o.s.b.f.s.DefaultListableBeanFactory     : Creating shared instance of singleton bean 'springSecurityHandlerMappingIntrospectorBeanDefinitionRegistryPostProcessor'
2024-11-07T21:56:39.411+05:30 DEBUG 10112 --- [contenttree] [           main] o.s.b.f.s.DefaultListableBeanFactory     : Creating shared instance of singleton bean 'propertySourcesPlaceholderConfigurer'
2024-11-07T21:56:39.434+05:30 DEBUG 10112 --- [contenttree] [           main] o.s.b.f.s.DefaultListableBeanFactory     : Creating shared instance of singleton bean 'org.springframework.boot.test.mock.mockito.MockitoPostProcessor'
2024-11-07T21:56:39.439+05:30 DEBUG 10112 --- [contenttree] [           main] o.s.b.f.s.DefaultListableBeanFactory     : Creating shared instance of singleton bean 'emBeanDefinitionRegistrarPostProcessor'
2024-11-07T21:56:39.441+05:30 DEBUG 10112 --- [contenttree] [           main] o.s.b.f.s.DefaultListableBeanFactory     : Creating shared instance of singleton bean 'org.springframework.boot.sql.init.dependency.DatabaseInitializationDependencyConfigurer$DependsOnDatabaseInitializationPostProcessor'
2024-11-07T21:56:39.630+05:30 DEBUG 10112 --- [contenttree] [           main] o.s.b.f.s.DefaultListableBeanFactory     : Creating shared instance of singleton bean 'org.springframework.context.event.internalEventListenerProcessor'
2024-11-07T21:56:39.632+05:30 DEBUG 10112 --- [contenttree] [           main] o.s.b.f.s.DefaultListableBeanFactory     : Creating shared instance of singleton bean 'conversionServicePostProcessor'
2024-11-07T21:56:39.655+05:30 DEBUG 10112 --- [contenttree] [           main] o.s.b.f.s.DefaultListableBeanFactory     : Creating shared instance of singleton bean 'preserveErrorControllerTargetClassPostProcessor'
2024-11-07T21:56:39.657+05:30 DEBUG 10112 --- [contenttree] [           main] o.s.b.f.s.DefaultListableBeanFactory     : Creating shared instance of singleton bean 'org.springframework.context.event.internalEventListenerFactory'
2024-11-07T21:56:39.660+05:30 DEBUG 10112 --- [contenttree] [           main] o.s.b.f.s.DefaultListableBeanFactory     : Creating shared instance of singleton bean 'org.springframework.transaction.config.internalTransactionalEventListenerFactory'
2024-11-07T21:56:39.672+05:30 DEBUG 10112 --- [contenttree] [           main] o.s.b.f.s.DefaultListableBeanFactory     : Creating shared instance of singleton bean 'org.springframework.boot.test.mock.mockito.MockitoPostProcessor$SpyPostProcessor'
2024-11-07T21:56:39.678+05:30 DEBUG 10112 --- [contenttree] [           main] o.s.b.f.s.DefaultListableBeanFactory     : Creating shared instance of singleton bean 'org.springframework.context.annotation.internalAutowiredAnnotationProcessor'
2024-11-07T21:56:39.683+05:30 DEBUG 10112 --- [contenttree] [           main] o.s.b.f.s.DefaultListableBeanFactory     : Creating shared instance of singleton bean 'org.springframework.context.annotation.internalCommonAnnotationProcessor'
2024-11-07T21:56:39.693+05:30 DEBUG 10112 --- [contenttree] [           main] o.s.b.f.s.DefaultListableBeanFactory     : Creating shared instance of singleton bean 'org.springframework.context.annotation.internalPersistenceAnnotationProcessor'
2024-11-07T21:56:39.694+05:30 DEBUG 10112 --- [contenttree] [           main] o.s.b.f.s.DefaultListableBeanFactory     : Creating shared instance of singleton bean 'org.springframework.boot.context.properties.ConfigurationPropertiesBindingPostProcessor'
2024-11-07T21:56:39.695+05:30 DEBUG 10112 --- [contenttree] [           main] o.s.b.f.s.DefaultListableBeanFactory     : Creating shared instance of singleton bean 'org.springframework.boot.context.internalConfigurationPropertiesBinder'
2024-11-07T21:56:39.700+05:30 DEBUG 10112 --- [contenttree] [           main] o.s.b.f.s.DefaultListableBeanFactory     : Creating shared instance of singleton bean 'jdbcConnectionDetailsHikariBeanPostProcessor'
2024-11-07T21:56:39.706+05:30 DEBUG 10112 --- [contenttree] [           main] o.s.b.f.s.DefaultListableBeanFactory     : Creating shared instance of singleton bean 'org.springframework.aop.config.internalAutoProxyCreator'
2024-11-07T21:56:39.742+05:30 DEBUG 10112 --- [contenttree] [           main] o.s.b.f.s.DefaultListableBeanFactory     : Creating shared instance of singleton bean 'persistenceExceptionTranslationPostProcessor'
2024-11-07T21:56:39.779+05:30 DEBUG 10112 --- [contenttree] [           main] o.s.b.f.s.DefaultListableBeanFactory     : Autowiring by type from bean name 'persistenceExceptionTranslationPostProcessor' via factory method to bean named 'environment'
2024-11-07T21:56:39.802+05:30 DEBUG 10112 --- [contenttree] [           main] o.s.b.f.s.DefaultListableBeanFactory     : Creating shared instance of singleton bean 'webServerFactoryCustomizerBeanPostProcessor'
2024-11-07T21:56:39.805+05:30 DEBUG 10112 --- [contenttree] [           main] o.s.b.f.s.DefaultListableBeanFactory     : Creating shared instance of singleton bean 'errorPageRegistrarBeanPostProcessor'
2024-11-07T21:56:39.807+05:30 DEBUG 10112 --- [contenttree] [           main] o.s.b.f.s.DefaultListableBeanFactory     : Creating shared instance of singleton bean 'projectingArgumentResolverBeanPostProcessor'
2024-11-07T21:56:39.811+05:30 DEBUG 10112 --- [contenttree] [           main] o.s.b.f.s.DefaultListableBeanFactory     : Creating shared instance of singleton bean 'org.springframework.transaction.config.internalTransactionAdvisor'
2024-11-07T21:56:39.812+05:30 DEBUG 10112 --- [contenttree] [           main] o.s.b.f.s.DefaultListableBeanFactory     : Creating shared instance of singleton bean 'org.springframework.transaction.annotation.ProxyTransactionManagementConfiguration'
2024-11-07T21:56:39.839+05:30 DEBUG 10112 --- [contenttree] [           main] o.s.b.f.s.DefaultListableBeanFactory     : Creating shared instance of singleton bean 'transactionAttributeSource'
2024-11-07T21:56:39.842+05:30 DEBUG 10112 --- [contenttree] [           main] o.s.b.f.s.DefaultListableBeanFactory     : Creating shared instance of singleton bean 'transactionInterceptor'
2024-11-07T21:56:39.844+05:30 DEBUG 10112 --- [contenttree] [           main] o.s.b.f.s.DefaultListableBeanFactory     : Autowiring by type from bean name 'transactionInterceptor' via factory method to bean named 'transactionAttributeSource'
2024-11-07T21:56:39.856+05:30 DEBUG 10112 --- [contenttree] [           main] o.s.b.f.s.DefaultListableBeanFactory     : Autowiring by type from bean name 'org.springframework.transaction.config.internalTransactionAdvisor' via factory method to bean named 'transactionAttributeSource'
2024-11-07T21:56:39.856+05:30 DEBUG 10112 --- [contenttree] [           main] o.s.b.f.s.DefaultListableBeanFactory     : Autowiring by type from bean name 'org.springframework.transaction.config.internalTransactionAdvisor' via factory method to bean named 'transactionInterceptor'
2024-11-07T21:56:39.966+05:30 DEBUG 10112 --- [contenttree] [           main] o.s.u.c.s.UiApplicationContextUtils      : Unable to locate ThemeSource with name 'themeSource': using default [org.springframework.ui.context.support.ResourceBundleThemeSource@348137e8]
2024-11-07T21:56:39.970+05:30 DEBUG 10112 --- [contenttree] [           main] o.s.b.f.s.DefaultListableBeanFactory     : Creating shared instance of singleton bean 'dataSourceScriptDatabaseInitializer'
2024-11-07T21:56:39.970+05:30 DEBUG 10112 --- [contenttree] [           main] o.s.b.f.s.DefaultListableBeanFactory     : Creating shared instance of singleton bean 'org.springframework.boot.autoconfigure.sql.init.DataSourceInitializationConfiguration'
2024-11-07T21:56:39.977+05:30 DEBUG 10112 --- [contenttree] [           main] o.s.b.f.s.DefaultListableBeanFactory     : Creating shared instance of singleton bean 'dataSource'
2024-11-07T21:56:39.978+05:30 DEBUG 10112 --- [contenttree] [           main] o.s.b.f.s.DefaultListableBeanFactory     : Creating shared instance of singleton bean 'org.springframework.boot.autoconfigure.jdbc.DataSourceConfiguration$Hikari'
2024-11-07T21:56:39.980+05:30 DEBUG 10112 --- [contenttree] [           main] o.s.b.f.s.DefaultListableBeanFactory     : Creating shared instance of singleton bean 'spring.datasource-org.springframework.boot.autoconfigure.jdbc.DataSourceProperties'
2024-11-07T21:56:39.988+05:30 DEBUG 10112 --- [contenttree] [           main] o.s.b.f.s.DefaultListableBeanFactory     : Creating shared instance of singleton bean 'org.springframework.boot.context.properties.BoundConfigurationProperties'
2024-11-07T21:56:40.041+05:30 DEBUG 10112 --- [contenttree] [           main] o.s.b.f.s.DefaultListableBeanFactory     : Creating shared instance of singleton bean 'jdbcConnectionDetails'
2024-11-07T21:56:40.041+05:30 DEBUG 10112 --- [contenttree] [           main] o.s.b.f.s.DefaultListableBeanFactory     : Creating shared instance of singleton bean 'org.springframework.boot.autoconfigure.jdbc.DataSourceAutoConfiguration$PooledDataSourceConfiguration'
2024-11-07T21:56:40.044+05:30 DEBUG 10112 --- [contenttree] [           main] o.s.b.f.s.DefaultListableBeanFactory     : Autowiring by type from bean name 'jdbcConnectionDetails' via factory method to bean named 'spring.datasource-org.springframework.boot.autoconfigure.jdbc.DataSourceProperties'
2024-11-07T21:56:40.052+05:30 DEBUG 10112 --- [contenttree] [           main] o.s.b.f.s.DefaultListableBeanFactory     : Autowiring by type from bean name 'dataSource' via factory method to bean named 'spring.datasource-org.springframework.boot.autoconfigure.jdbc.DataSourceProperties'
2024-11-07T21:56:40.053+05:30 DEBUG 10112 --- [contenttree] [           main] o.s.b.f.s.DefaultListableBeanFactory     : Autowiring by type from bean name 'dataSource' via factory method to bean named 'jdbcConnectionDetails'
2024-11-07T21:56:40.148+05:30 DEBUG 10112 --- [contenttree] [           main] o.s.b.f.s.DefaultListableBeanFactory     : Creating shared instance of singleton bean 'spring.sql.init-org.springframework.boot.autoconfigure.sql.init.SqlInitializationProperties'
2024-11-07T21:56:40.160+05:30 DEBUG 10112 --- [contenttree] [           main] o.s.b.f.s.DefaultListableBeanFactory     : Autowiring by type from bean name 'dataSourceScriptDatabaseInitializer' via factory method to bean named 'dataSource'
2024-11-07T21:56:40.161+05:30 DEBUG 10112 --- [contenttree] [           main] o.s.b.f.s.DefaultListableBeanFactory     : Autowiring by type from bean name 'dataSourceScriptDatabaseInitializer' via factory method to bean named 'spring.sql.init-org.springframework.boot.autoconfigure.sql.init.SqlInitializationProperties'
2024-11-07T21:56:40.181+05:30 DEBUG 10112 --- [contenttree] [           main] o.s.b.f.s.DefaultListableBeanFactory     : Creating shared instance of singleton bean 'entityManagerFactory'
2024-11-07T21:56:40.183+05:30 DEBUG 10112 --- [contenttree] [           main] o.s.b.f.s.DefaultListableBeanFactory     : Creating shared instance of singleton bean 'org.springframework.boot.autoconfigure.orm.jpa.HibernateJpaConfiguration'
2024-11-07T21:56:40.189+05:30 DEBUG 10112 --- [contenttree] [           main] o.s.b.f.s.DefaultListableBeanFactory     : Creating shared instance of singleton bean 'spring.jpa-org.springframework.boot.autoconfigure.orm.jpa.JpaProperties'
2024-11-07T21:56:40.196+05:30 DEBUG 10112 --- [contenttree] [           main] o.s.b.f.s.DefaultListableBeanFactory     : Creating shared instance of singleton bean 'spring.jpa.hibernate-org.springframework.boot.autoconfigure.orm.jpa.HibernateProperties'
2024-11-07T21:56:40.200+05:30 DEBUG 10112 --- [contenttree] [           main] o.s.b.f.s.DefaultListableBeanFactory     : Autowiring by type from bean name 'org.springframework.boot.autoconfigure.orm.jpa.HibernateJpaConfiguration' via constructor to bean named 'dataSource'
2024-11-07T21:56:40.201+05:30 DEBUG 10112 --- [contenttree] [           main] o.s.b.f.s.DefaultListableBeanFactory     : Autowiring by type from bean name 'org.springframework.boot.autoconfigure.orm.jpa.HibernateJpaConfiguration' via constructor to bean named 'spring.jpa-org.springframework.boot.autoconfigure.orm.jpa.JpaProperties'
2024-11-07T21:56:40.201+05:30 DEBUG 10112 --- [contenttree] [           main] o.s.b.f.s.DefaultListableBeanFactory     : Autowiring by type from bean name 'org.springframework.boot.autoconfigure.orm.jpa.HibernateJpaConfiguration' via constructor to bean named 'org.springframework.beans.factory.support.DefaultListableBeanFactory@547c04c4'
2024-11-07T21:56:40.201+05:30 DEBUG 10112 --- [contenttree] [           main] o.s.b.f.s.DefaultListableBeanFactory     : Autowiring by type from bean name 'org.springframework.boot.autoconfigure.orm.jpa.HibernateJpaConfiguration' via constructor to bean named 'spring.jpa.hibernate-org.springframework.boot.autoconfigure.orm.jpa.HibernateProperties'
2024-11-07T21:56:40.204+05:30 DEBUG 10112 --- [contenttree] [           main] o.s.b.f.s.DefaultListableBeanFactory     : Creating shared instance of singleton bean 'hikariPoolDataSourceMetadataProvider'
2024-11-07T21:56:40.205+05:30 DEBUG 10112 --- [contenttree] [           main] o.s.b.f.s.DefaultListableBeanFactory     : Creating shared instance of singleton bean 'org.springframework.boot.autoconfigure.jdbc.metadata.DataSourcePoolMetadataProvidersConfiguration$HikariPoolDataSourceMetadataProviderConfiguration'
2024-11-07T21:56:40.232+05:30 DEBUG 10112 --- [contenttree] [           main] o.s.b.f.s.DefaultListableBeanFactory     : Creating shared instance of singleton bean 'entityManagerFactoryBuilder'
2024-11-07T21:56:40.233+05:30 DEBUG 10112 --- [contenttree] [           main] o.s.b.f.s.DefaultListableBeanFactory     : Creating shared instance of singleton bean 'jpaVendorAdapter'
2024-11-07T21:56:40.287+05:30 DEBUG 10112 --- [contenttree] [           main] o.s.b.f.s.DefaultListableBeanFactory     : Autowiring by type from bean name 'entityManagerFactoryBuilder' via factory method to bean named 'jpaVendorAdapter'
2024-11-07T21:56:40.296+05:30 DEBUG 10112 --- [contenttree] [           main] o.s.b.f.s.DefaultListableBeanFactory     : Creating shared instance of singleton bean 'persistenceManagedTypes'
2024-11-07T21:56:40.299+05:30 DEBUG 10112 --- [contenttree] [           main] o.s.b.f.s.DefaultListableBeanFactory     : Autowiring by type from bean name 'persistenceManagedTypes' via factory method to bean named 'org.springframework.beans.factory.support.DefaultListableBeanFactory@547c04c4'
2024-11-07T21:56:40.299+05:30 DEBUG 10112 --- [contenttree] [           main] o.s.b.f.s.DefaultListableBeanFactory     : Autowiring by type from bean name 'persistenceManagedTypes' via factory method to bean named 'org.springframework.web.context.support.GenericWebApplicationContext@4d0402b'
2024-11-07T21:56:40.300+05:30 DEBUG 10112 --- [contenttree] [           main] o.s.b.f.s.DefaultListableBeanFactory     : Creating shared instance of singleton bean 'org.springframework.boot.autoconfigure.domain.EntityScanPackages'
2024-11-07T21:56:40.330+05:30 DEBUG 10112 --- [contenttree] [           main] o.s.b.f.s.DefaultListableBeanFactory     : Autowiring by type from bean name 'entityManagerFactory' via factory method to bean named 'entityManagerFactoryBuilder'
2024-11-07T21:56:40.330+05:30 DEBUG 10112 --- [contenttree] [           main] o.s.b.f.s.DefaultListableBeanFactory     : Autowiring by type from bean name 'entityManagerFactory' via factory method to bean named 'persistenceManagedTypes'
2024-11-07T21:56:40.375+05:30 DEBUG 10112 --- [contenttree] [           main] j.LocalContainerEntityManagerFactoryBean : Building JPA container EntityManagerFactory for persistence unit 'default'
2024-11-07T21:56:40.428+05:30 DEBUG 10112 --- [contenttree] [           main] o.hibernate.jpa.internal.util.LogHelper  : PersistenceUnitInfo [
	name: default
	persistence provider classname: null
	classloader: jdk.internal.loader.ClassLoaders$AppClassLoader@73d16e93
	excludeUnlistedClasses: true
	JTA datasource: null
	Non JTA datasource: HikariDataSource (null)
	Transaction type: RESOURCE_LOCAL
	PU root URL: file:/D:/Java/infinityDemandDay/target/test-classes/
	Shared Cache Mode: UNSPECIFIED
	Validation Mode: AUTO
	Jar files URLs []
	Managed classes names [
		com.contenttree.admin.Admin
		com.contenttree.banner.BannerEntity
		com.contenttree.category.Category
		com.contenttree.confirmationtoken.ConfirmationToken
		com.contenttree.downloadlog.DownloadLog
		com.contenttree.solutionsets.SolutionSets
		com.contenttree.user.User
		com.contenttree.vendor.Vendors]
	Mapping files names []
	Properties []
2024-11-07T21:56:40.473+05:30 DEBUG 10112 --- [contenttree] [           main] o.h.i.internal.IntegratorServiceImpl     : Adding Integrator [org.hibernate.boot.beanvalidation.BeanValidationIntegrator].
2024-11-07T21:56:40.479+05:30 DEBUG 10112 --- [contenttree] [           main] o.h.i.internal.IntegratorServiceImpl     : Adding Integrator [org.hibernate.cache.internal.CollectionCacheInvalidator].
2024-11-07T21:56:40.690+05:30  INFO 10112 --- [contenttree] [           main] org.hibernate.Version                    : HHH000412: Hibernate ORM core version 6.5.3.Final
2024-11-07T21:56:40.693+05:30 DEBUG 10112 --- [contenttree] [           main] org.hibernate.cfg.Environment            : HHH000206: 'hibernate.properties' not found
2024-11-07T21:56:40.782+05:30 DEBUG 10112 --- [contenttree] [           main] org.hibernate.orm.idgen.factory          : Registering IdentifierGenerator strategy [uuid2] -> [org.hibernate.id.UUIDGenerator]
2024-11-07T21:56:40.783+05:30 DEBUG 10112 --- [contenttree] [           main] org.hibernate.orm.idgen.factory          : Registering IdentifierGenerator strategy [guid] -> [org.hibernate.id.GUIDGenerator]
2024-11-07T21:56:40.786+05:30 DEBUG 10112 --- [contenttree] [           main] org.hibernate.orm.idgen.factory          : Registering IdentifierGenerator strategy [uuid] -> [org.hibernate.id.UUIDHexGenerator]
2024-11-07T21:56:40.786+05:30 DEBUG 10112 --- [contenttree] [           main] org.hibernate.orm.idgen.factory          : Registering IdentifierGenerator strategy [uuid.hex] -> [org.hibernate.id.UUIDHexGenerator]
2024-11-07T21:56:40.787+05:30 DEBUG 10112 --- [contenttree] [           main] org.hibernate.orm.idgen.factory          : Registering IdentifierGenerator strategy [assigned] -> [org.hibernate.id.Assigned]
2024-11-07T21:56:40.788+05:30 DEBUG 10112 --- [contenttree] [           main] org.hibernate.orm.idgen.factory          : Registering IdentifierGenerator strategy [identity] -> [org.hibernate.id.IdentityGenerator]
2024-11-07T21:56:40.790+05:30 DEBUG 10112 --- [contenttree] [           main] org.hibernate.orm.idgen.factory          : Registering IdentifierGenerator strategy [select] -> [org.hibernate.id.SelectGenerator]
2024-11-07T21:56:40.793+05:30 DEBUG 10112 --- [contenttree] [           main] org.hibernate.orm.idgen.factory          : Registering IdentifierGenerator strategy [sequence] -> [org.hibernate.id.enhanced.SequenceStyleGenerator]
2024-11-07T21:56:40.794+05:30 DEBUG 10112 --- [contenttree] [           main] org.hibernate.orm.idgen.factory          : Registering IdentifierGenerator strategy [increment] -> [org.hibernate.id.IncrementGenerator]
2024-11-07T21:56:40.796+05:30 DEBUG 10112 --- [contenttree] [           main] org.hibernate.orm.idgen.factory          : Registering IdentifierGenerator strategy [foreign] -> [org.hibernate.id.ForeignGenerator]
2024-11-07T21:56:40.797+05:30 DEBUG 10112 --- [contenttree] [           main] org.hibernate.orm.idgen.factory          : Registering IdentifierGenerator strategy [enhanced-sequence] -> [org.hibernate.id.enhanced.SequenceStyleGenerator]
2024-11-07T21:56:40.800+05:30 DEBUG 10112 --- [contenttree] [           main] org.hibernate.orm.idgen.factory          : Registering IdentifierGenerator strategy [enhanced-table] -> [org.hibernate.id.enhanced.TableGenerator]
2024-11-07T21:56:40.825+05:30 DEBUG 10112 --- [contenttree] [           main] o.h.c.internal.RegionFactoryInitiator    : Cannot default RegionFactory based on registered strategies as `[]` RegionFactory strategies were registered
2024-11-07T21:56:40.833+05:30  INFO 10112 --- [contenttree] [           main] o.h.c.internal.RegionFactoryInitiator    : HHH000026: Second-level cache disabled
2024-11-07T21:56:41.287+05:30 DEBUG 10112 --- [contenttree] [           main] org.hibernate.type.BasicTypeRegistry     : Adding type registration boolean -> org.hibernate.type.BasicTypeReference@3bbb8c16
2024-11-07T21:56:41.288+05:30 DEBUG 10112 --- [contenttree] [           main] org.hibernate.type.BasicTypeRegistry     : Adding type registration boolean -> org.hibernate.type.BasicTypeReference@3bbb8c16
2024-11-07T21:56:41.288+05:30 DEBUG 10112 --- [contenttree] [           main] org.hibernate.type.BasicTypeRegistry     : Adding type registration java.lang.Boolean -> org.hibernate.type.BasicTypeReference@3bbb8c16
2024-11-07T21:56:41.288+05:30 DEBUG 10112 --- [contenttree] [           main] org.hibernate.type.BasicTypeRegistry     : Adding type registration numeric_boolean -> org.hibernate.type.BasicTypeReference@73e1ecd0
2024-11-07T21:56:41.289+05:30 DEBUG 10112 --- [contenttree] [           main] org.hibernate.type.BasicTypeRegistry     : Adding type registration org.hibernate.type.NumericBooleanConverter -> org.hibernate.type.BasicTypeReference@73e1ecd0
2024-11-07T21:56:41.289+05:30 DEBUG 10112 --- [contenttree] [           main] org.hibernate.type.BasicTypeRegistry     : Adding type registration true_false -> org.hibernate.type.BasicTypeReference@11eec06b
2024-11-07T21:56:41.289+05:30 DEBUG 10112 --- [contenttree] [           main] org.hibernate.type.BasicTypeRegistry     : Adding type registration org.hibernate.type.TrueFalseConverter -> org.hibernate.type.BasicTypeReference@11eec06b
2024-11-07T21:56:41.289+05:30 DEBUG 10112 --- [contenttree] [           main] org.hibernate.type.BasicTypeRegistry     : Adding type registration yes_no -> org.hibernate.type.BasicTypeReference@65600fb3
2024-11-07T21:56:41.289+05:30 DEBUG 10112 --- [contenttree] [           main] org.hibernate.type.BasicTypeRegistry     : Adding type registration org.hibernate.type.YesNoConverter -> org.hibernate.type.BasicTypeReference@65600fb3
2024-11-07T21:56:41.289+05:30 DEBUG 10112 --- [contenttree] [           main] org.hibernate.type.BasicTypeRegistry     : Adding type registration byte -> org.hibernate.type.BasicTypeReference@25ce435
2024-11-07T21:56:41.291+05:30 DEBUG 10112 --- [contenttree] [           main] org.hibernate.type.BasicTypeRegistry     : Adding type registration byte -> org.hibernate.type.BasicTypeReference@25ce435
2024-11-07T21:56:41.291+05:30 DEBUG 10112 --- [contenttree] [           main] org.hibernate.type.BasicTypeRegistry     : Adding type registration java.lang.Byte -> org.hibernate.type.BasicTypeReference@25ce435
2024-11-07T21:56:41.291+05:30 DEBUG 10112 --- [contenttree] [           main] org.hibernate.type.BasicTypeRegistry     : Adding type registration binary -> org.hibernate.type.BasicTypeReference@7ea71fc2
2024-11-07T21:56:41.291+05:30 DEBUG 10112 --- [contenttree] [           main] org.hibernate.type.BasicTypeRegistry     : Adding type registration byte[] -> org.hibernate.type.BasicTypeReference@7ea71fc2
2024-11-07T21:56:41.291+05:30 DEBUG 10112 --- [contenttree] [           main] org.hibernate.type.BasicTypeRegistry     : Adding type registration [B -> org.hibernate.type.BasicTypeReference@7ea71fc2
2024-11-07T21:56:41.291+05:30 DEBUG 10112 --- [contenttree] [           main] org.hibernate.type.BasicTypeRegistry     : Adding type registration binary_wrapper -> org.hibernate.type.BasicTypeReference@19ad75e5
2024-11-07T21:56:41.291+05:30 DEBUG 10112 --- [contenttree] [           main] org.hibernate.type.BasicTypeRegistry     : Adding type registration wrapper-binary -> org.hibernate.type.BasicTypeReference@19ad75e5
2024-11-07T21:56:41.291+05:30 DEBUG 10112 --- [contenttree] [           main] org.hibernate.type.BasicTypeRegistry     : Adding type registration image -> org.hibernate.type.BasicTypeReference@7cd5fcf4
2024-11-07T21:56:41.291+05:30 DEBUG 10112 --- [contenttree] [           main] org.hibernate.type.BasicTypeRegistry     : Adding type registration blob -> org.hibernate.type.BasicTypeReference@19cdc217
2024-11-07T21:56:41.291+05:30 DEBUG 10112 --- [contenttree] [           main] org.hibernate.type.BasicTypeRegistry     : Adding type registration java.sql.Blob -> org.hibernate.type.BasicTypeReference@19cdc217
2024-11-07T21:56:41.291+05:30 DEBUG 10112 --- [contenttree] [           main] org.hibernate.type.BasicTypeRegistry     : Adding type registration materialized_blob -> org.hibernate.type.BasicTypeReference@5f5297e3
2024-11-07T21:56:41.292+05:30 DEBUG 10112 --- [contenttree] [           main] org.hibernate.type.BasicTypeRegistry     : Adding type registration materialized_blob_wrapper -> org.hibernate.type.BasicTypeReference@2d22d3b1
2024-11-07T21:56:41.292+05:30 DEBUG 10112 --- [contenttree] [           main] org.hibernate.type.BasicTypeRegistry     : Adding type registration short -> org.hibernate.type.BasicTypeReference@7ec3a8bd
2024-11-07T21:56:41.292+05:30 DEBUG 10112 --- [contenttree] [           main] org.hibernate.type.BasicTypeRegistry     : Adding type registration short -> org.hibernate.type.BasicTypeReference@7ec3a8bd
2024-11-07T21:56:41.292+05:30 DEBUG 10112 --- [contenttree] [           main] org.hibernate.type.BasicTypeRegistry     : Adding type registration java.lang.Short -> org.hibernate.type.BasicTypeReference@7ec3a8bd
2024-11-07T21:56:41.292+05:30 DEBUG 10112 --- [contenttree] [           main] org.hibernate.type.BasicTypeRegistry     : Adding type registration integer -> org.hibernate.type.BasicTypeReference@9690008
2024-11-07T21:56:41.292+05:30 DEBUG 10112 --- [contenttree] [           main] org.hibernate.type.BasicTypeRegistry     : Adding type registration int -> org.hibernate.type.BasicTypeReference@9690008
2024-11-07T21:56:41.292+05:30 DEBUG 10112 --- [contenttree] [           main] org.hibernate.type.BasicTypeRegistry     : Adding type registration java.lang.Integer -> org.hibernate.type.BasicTypeReference@9690008
2024-11-07T21:56:41.293+05:30 DEBUG 10112 --- [contenttree] [           main] org.hibernate.type.BasicTypeRegistry     : Adding type registration long -> org.hibernate.type.BasicTypeReference@42cf6349
2024-11-07T21:56:41.293+05:30 DEBUG 10112 --- [contenttree] [           main] org.hibernate.type.BasicTypeRegistry     : Adding type registration long -> org.hibernate.type.BasicTypeReference@42cf6349
2024-11-07T21:56:41.293+05:30 DEBUG 10112 --- [contenttree] [           main] org.hibernate.type.BasicTypeRegistry     : Adding type registration java.lang.Long -> org.hibernate.type.BasicTypeReference@42cf6349
2024-11-07T21:56:41.293+05:30 DEBUG 10112 --- [contenttree] [           main] org.hibernate.type.BasicTypeRegistry     : Adding type registration float -> org.hibernate.type.BasicTypeReference@79cb8ffa
2024-11-07T21:56:41.293+05:30 DEBUG 10112 --- [contenttree] [           main] org.hibernate.type.BasicTypeRegistry     : Adding type registration float -> org.hibernate.type.BasicTypeReference@79cb8ffa
2024-11-07T21:56:41.293+05:30 DEBUG 10112 --- [contenttree] [           main] org.hibernate.type.BasicTypeRegistry     : Adding type registration java.lang.Float -> org.hibernate.type.BasicTypeReference@79cb8ffa
2024-11-07T21:56:41.293+05:30 DEBUG 10112 --- [contenttree] [           main] org.hibernate.type.BasicTypeRegistry     : Adding type registration double -> org.hibernate.type.BasicTypeReference@1a2e563e
2024-11-07T21:56:41.294+05:30 DEBUG 10112 --- [contenttree] [           main] org.hibernate.type.BasicTypeRegistry     : Adding type registration double -> org.hibernate.type.BasicTypeReference@1a2e563e
2024-11-07T21:56:41.294+05:30 DEBUG 10112 --- [contenttree] [           main] org.hibernate.type.BasicTypeRegistry     : Adding type registration java.lang.Double -> org.hibernate.type.BasicTypeReference@1a2e563e
2024-11-07T21:56:41.294+05:30 DEBUG 10112 --- [contenttree] [           main] org.hibernate.type.BasicTypeRegistry     : Adding type registration big_integer -> org.hibernate.type.BasicTypeReference@5b066c33
2024-11-07T21:56:41.294+05:30 DEBUG 10112 --- [contenttree] [           main] org.hibernate.type.BasicTypeRegistry     : Adding type registration java.math.BigInteger -> org.hibernate.type.BasicTypeReference@5b066c33
2024-11-07T21:56:41.294+05:30 DEBUG 10112 --- [contenttree] [           main] org.hibernate.type.BasicTypeRegistry     : Adding type registration big_decimal -> org.hibernate.type.BasicTypeReference@62ea8931
2024-11-07T21:56:41.294+05:30 DEBUG 10112 --- [contenttree] [           main] org.hibernate.type.BasicTypeRegistry     : Adding type registration java.math.BigDecimal -> org.hibernate.type.BasicTypeReference@62ea8931
2024-11-07T21:56:41.294+05:30 DEBUG 10112 --- [contenttree] [           main] org.hibernate.type.BasicTypeRegistry     : Adding type registration character -> org.hibernate.type.BasicTypeReference@47fb7ec9
2024-11-07T21:56:41.295+05:30 DEBUG 10112 --- [contenttree] [           main] org.hibernate.type.BasicTypeRegistry     : Adding type registration char -> org.hibernate.type.BasicTypeReference@47fb7ec9
2024-11-07T21:56:41.295+05:30 DEBUG 10112 --- [contenttree] [           main] org.hibernate.type.BasicTypeRegistry     : Adding type registration java.lang.Character -> org.hibernate.type.BasicTypeReference@47fb7ec9
2024-11-07T21:56:41.295+05:30 DEBUG 10112 --- [contenttree] [           main] org.hibernate.type.BasicTypeRegistry     : Adding type registration character_nchar -> org.hibernate.type.BasicTypeReference@2f8c4fae
2024-11-07T21:56:41.295+05:30 DEBUG 10112 --- [contenttree] [           main] org.hibernate.type.BasicTypeRegistry     : Adding type registration string -> org.hibernate.type.BasicTypeReference@4703c998
2024-11-07T21:56:41.295+05:30 DEBUG 10112 --- [contenttree] [           main] org.hibernate.type.BasicTypeRegistry     : Adding type registration java.lang.String -> org.hibernate.type.BasicTypeReference@4703c998
2024-11-07T21:56:41.295+05:30 DEBUG 10112 --- [contenttree] [           main] org.hibernate.type.BasicTypeRegistry     : Adding type registration nstring -> org.hibernate.type.BasicTypeReference@71166348
2024-11-07T21:56:41.295+05:30 DEBUG 10112 --- [contenttree] [           main] org.hibernate.type.BasicTypeRegistry     : Adding type registration characters -> org.hibernate.type.BasicTypeReference@6d874695
2024-11-07T21:56:41.295+05:30 DEBUG 10112 --- [contenttree] [           main] org.hibernate.type.BasicTypeRegistry     : Adding type registration char[] -> org.hibernate.type.BasicTypeReference@6d874695
2024-11-07T21:56:41.296+05:30 DEBUG 10112 --- [contenttree] [           main] org.hibernate.type.BasicTypeRegistry     : Adding type registration [C -> org.hibernate.type.BasicTypeReference@6d874695
2024-11-07T21:56:41.296+05:30 DEBUG 10112 --- [contenttree] [           main] org.hibernate.type.BasicTypeRegistry     : Adding type registration wrapper-characters -> org.hibernate.type.BasicTypeReference@20bb85b4
2024-11-07T21:56:41.296+05:30 DEBUG 10112 --- [contenttree] [           main] org.hibernate.type.BasicTypeRegistry     : Adding type registration text -> org.hibernate.type.BasicTypeReference@79add732
2024-11-07T21:56:41.296+05:30 DEBUG 10112 --- [contenttree] [           main] org.hibernate.type.BasicTypeRegistry     : Adding type registration ntext -> org.hibernate.type.BasicTypeReference@3be3e76c
2024-11-07T21:56:41.296+05:30 DEBUG 10112 --- [contenttree] [           main] org.hibernate.type.BasicTypeRegistry     : Adding type registration clob -> org.hibernate.type.BasicTypeReference@6c07ad6b
2024-11-07T21:56:41.297+05:30 DEBUG 10112 --- [contenttree] [           main] org.hibernate.type.BasicTypeRegistry     : Adding type registration java.sql.Clob -> org.hibernate.type.BasicTypeReference@6c07ad6b
2024-11-07T21:56:41.297+05:30 DEBUG 10112 --- [contenttree] [           main] org.hibernate.type.BasicTypeRegistry     : Adding type registration nclob -> org.hibernate.type.BasicTypeReference@10ed037a
2024-11-07T21:56:41.297+05:30 DEBUG 10112 --- [contenttree] [           main] org.hibernate.type.BasicTypeRegistry     : Adding type registration java.sql.NClob -> org.hibernate.type.BasicTypeReference@10ed037a
2024-11-07T21:56:41.297+05:30 DEBUG 10112 --- [contenttree] [           main] org.hibernate.type.BasicTypeRegistry     : Adding type registration materialized_clob -> org.hibernate.type.BasicTypeReference@76e4212
2024-11-07T21:56:41.297+05:30 DEBUG 10112 --- [contenttree] [           main] org.hibernate.type.BasicTypeRegistry     : Adding type registration materialized_clob_char_array -> org.hibernate.type.BasicTypeReference@23121d14
2024-11-07T21:56:41.297+05:30 DEBUG 10112 --- [contenttree] [           main] org.hibernate.type.BasicTypeRegistry     : Adding type registration materialized_clob_character_array -> org.hibernate.type.BasicTypeReference@72af90e8
2024-11-07T21:56:41.298+05:30 DEBUG 10112 --- [contenttree] [           main] org.hibernate.type.BasicTypeRegistry     : Adding type registration materialized_nclob -> org.hibernate.type.BasicTypeReference@aa1bb14
2024-11-07T21:56:41.298+05:30 DEBUG 10112 --- [contenttree] [           main] org.hibernate.type.BasicTypeRegistry     : Adding type registration materialized_nclob_character_array -> org.hibernate.type.BasicTypeReference@7faa0680
2024-11-07T21:56:41.298+05:30 DEBUG 10112 --- [contenttree] [           main] org.hibernate.type.BasicTypeRegistry     : Adding type registration materialized_nclob_char_array -> org.hibernate.type.BasicTypeReference@4c635edc
2024-11-07T21:56:41.298+05:30 DEBUG 10112 --- [contenttree] [           main] org.hibernate.type.BasicTypeRegistry     : Adding type registration Duration -> org.hibernate.type.BasicTypeReference@4245bf68
2024-11-07T21:56:41.298+05:30 DEBUG 10112 --- [contenttree] [           main] org.hibernate.type.BasicTypeRegistry     : Adding type registration java.time.Duration -> org.hibernate.type.BasicTypeReference@4245bf68
2024-11-07T21:56:41.298+05:30 DEBUG 10112 --- [contenttree] [           main] org.hibernate.type.BasicTypeRegistry     : Adding type registration LocalDateTime -> org.hibernate.type.BasicTypeReference@45bbc52f
2024-11-07T21:56:41.299+05:30 DEBUG 10112 --- [contenttree] [           main] org.hibernate.type.BasicTypeRegistry     : Adding type registration java.time.LocalDateTime -> org.hibernate.type.BasicTypeReference@45bbc52f
2024-11-07T21:56:41.299+05:30 DEBUG 10112 --- [contenttree] [           main] org.hibernate.type.BasicTypeRegistry     : Adding type registration LocalDate -> org.hibernate.type.BasicTypeReference@6a8a551e
2024-11-07T21:56:41.299+05:30 DEBUG 10112 --- [contenttree] [           main] org.hibernate.type.BasicTypeRegistry     : Adding type registration java.time.LocalDate -> org.hibernate.type.BasicTypeReference@6a8a551e
2024-11-07T21:56:41.299+05:30 DEBUG 10112 --- [contenttree] [           main] org.hibernate.type.BasicTypeRegistry     : Adding type registration LocalTime -> org.hibernate.type.BasicTypeReference@3cc9632d
2024-11-07T21:56:41.299+05:30 DEBUG 10112 --- [contenttree] [           main] org.hibernate.type.BasicTypeRegistry     : Adding type registration java.time.LocalTime -> org.hibernate.type.BasicTypeReference@3cc9632d
2024-11-07T21:56:41.299+05:30 DEBUG 10112 --- [contenttree] [           main] org.hibernate.type.BasicTypeRegistry     : Adding type registration OffsetDateTime -> org.hibernate.type.BasicTypeReference@53982523
2024-11-07T21:56:41.299+05:30 DEBUG 10112 --- [contenttree] [           main] org.hibernate.type.BasicTypeRegistry     : Adding type registration java.time.OffsetDateTime -> org.hibernate.type.BasicTypeReference@53982523
2024-11-07T21:56:41.299+05:30 DEBUG 10112 --- [contenttree] [           main] org.hibernate.type.BasicTypeRegistry     : Adding type registration OffsetDateTimeWithTimezone -> org.hibernate.type.BasicTypeReference@489110c2
2024-11-07T21:56:41.300+05:30 DEBUG 10112 --- [contenttree] [           main] org.hibernate.type.BasicTypeRegistry     : Adding type registration OffsetDateTimeWithoutTimezone -> org.hibernate.type.BasicTypeReference@700b9e6b
2024-11-07T21:56:41.300+05:30 DEBUG 10112 --- [contenttree] [           main] org.hibernate.type.BasicTypeRegistry     : Adding type registration OffsetTime -> org.hibernate.type.BasicTypeReference@7ac5b4c
2024-11-07T21:56:41.300+05:30 DEBUG 10112 --- [contenttree] [           main] org.hibernate.type.BasicTypeRegistry     : Adding type registration java.time.OffsetTime -> org.hibernate.type.BasicTypeReference@7ac5b4c
2024-11-07T21:56:41.300+05:30 DEBUG 10112 --- [contenttree] [           main] org.hibernate.type.BasicTypeRegistry     : Adding type registration OffsetTimeUtc -> org.hibernate.type.BasicTypeReference@150fc7a7
2024-11-07T21:56:41.300+05:30 DEBUG 10112 --- [contenttree] [           main] org.hibernate.type.BasicTypeRegistry     : Adding type registration OffsetTimeWithTimezone -> org.hibernate.type.BasicTypeReference@55d8c2c4
2024-11-07T21:56:41.301+05:30 DEBUG 10112 --- [contenttree] [           main] org.hibernate.type.BasicTypeRegistry     : Adding type registration OffsetTimeWithoutTimezone -> org.hibernate.type.BasicTypeReference@798cf6d2
2024-11-07T21:56:41.301+05:30 DEBUG 10112 --- [contenttree] [           main] org.hibernate.type.BasicTypeRegistry     : Adding type registration ZonedDateTime -> org.hibernate.type.BasicTypeReference@1c1fa494
2024-11-07T21:56:41.301+05:30 DEBUG 10112 --- [contenttree] [           main] org.hibernate.type.BasicTypeRegistry     : Adding type registration java.time.ZonedDateTime -> org.hibernate.type.BasicTypeReference@1c1fa494
2024-11-07T21:56:41.301+05:30 DEBUG 10112 --- [contenttree] [           main] org.hibernate.type.BasicTypeRegistry     : Adding type registration ZonedDateTimeWithTimezone -> org.hibernate.type.BasicTypeReference@77c66a4f
2024-11-07T21:56:41.301+05:30 DEBUG 10112 --- [contenttree] [           main] org.hibernate.type.BasicTypeRegistry     : Adding type registration ZonedDateTimeWithoutTimezone -> org.hibernate.type.BasicTypeReference@649b5891
2024-11-07T21:56:41.302+05:30 DEBUG 10112 --- [contenttree] [           main] org.hibernate.type.BasicTypeRegistry     : Adding type registration date -> org.hibernate.type.BasicTypeReference@7a3f08b6
2024-11-07T21:56:41.302+05:30 DEBUG 10112 --- [contenttree] [           main] org.hibernate.type.BasicTypeRegistry     : Adding type registration java.sql.Date -> org.hibernate.type.BasicTypeReference@7a3f08b6
2024-11-07T21:56:41.302+05:30 DEBUG 10112 --- [contenttree] [           main] org.hibernate.type.BasicTypeRegistry     : Adding type registration time -> org.hibernate.type.BasicTypeReference@1be52861
2024-11-07T21:56:41.302+05:30 DEBUG 10112 --- [contenttree] [           main] org.hibernate.type.BasicTypeRegistry     : Adding type registration java.sql.Time -> org.hibernate.type.BasicTypeReference@1be52861
2024-11-07T21:56:41.302+05:30 DEBUG 10112 --- [contenttree] [           main] org.hibernate.type.BasicTypeRegistry     : Adding type registration timestamp -> org.hibernate.type.BasicTypeReference@5fb5ad40
2024-11-07T21:56:41.302+05:30 DEBUG 10112 --- [contenttree] [           main] org.hibernate.type.BasicTypeRegistry     : Adding type registration java.sql.Timestamp -> org.hibernate.type.BasicTypeReference@5fb5ad40
2024-11-07T21:56:41.302+05:30 DEBUG 10112 --- [contenttree] [           main] org.hibernate.type.BasicTypeRegistry     : Adding type registration java.util.Date -> org.hibernate.type.BasicTypeReference@5fb5ad40
2024-11-07T21:56:41.304+05:30 DEBUG 10112 --- [contenttree] [           main] org.hibernate.type.BasicTypeRegistry     : Adding type registration calendar -> org.hibernate.type.BasicTypeReference@615439f7
2024-11-07T21:56:41.304+05:30 DEBUG 10112 --- [contenttree] [           main] org.hibernate.type.BasicTypeRegistry     : Adding type registration java.util.Calendar -> org.hibernate.type.BasicTypeReference@615439f7
2024-11-07T21:56:41.304+05:30 DEBUG 10112 --- [contenttree] [           main] org.hibernate.type.BasicTypeRegistry     : Adding type registration java.util.GregorianCalendar -> org.hibernate.type.BasicTypeReference@615439f7
2024-11-07T21:56:41.304+05:30 DEBUG 10112 --- [contenttree] [           main] org.hibernate.type.BasicTypeRegistry     : Adding type registration calendar_date -> org.hibernate.type.BasicTypeReference@632cf7d3
2024-11-07T21:56:41.304+05:30 DEBUG 10112 --- [contenttree] [           main] org.hibernate.type.BasicTypeRegistry     : Adding type registration calendar_time -> org.hibernate.type.BasicTypeReference@51b87df7
2024-11-07T21:56:41.304+05:30 DEBUG 10112 --- [contenttree] [           main] org.hibernate.type.BasicTypeRegistry     : Adding type registration instant -> org.hibernate.type.BasicTypeReference@2315052d
2024-11-07T21:56:41.304+05:30 DEBUG 10112 --- [contenttree] [           main] org.hibernate.type.BasicTypeRegistry     : Adding type registration java.time.Instant -> org.hibernate.type.BasicTypeReference@2315052d
2024-11-07T21:56:41.304+05:30 DEBUG 10112 --- [contenttree] [           main] org.hibernate.type.BasicTypeRegistry     : Adding type registration uuid -> org.hibernate.type.BasicTypeReference@634e1b39
2024-11-07T21:56:41.304+05:30 DEBUG 10112 --- [contenttree] [           main] org.hibernate.type.BasicTypeRegistry     : Adding type registration java.util.UUID -> org.hibernate.type.BasicTypeReference@634e1b39
2024-11-07T21:56:41.305+05:30 DEBUG 10112 --- [contenttree] [           main] org.hibernate.type.BasicTypeRegistry     : Adding type registration pg-uuid -> org.hibernate.type.BasicTypeReference@634e1b39
2024-11-07T21:56:41.305+05:30 DEBUG 10112 --- [contenttree] [           main] org.hibernate.type.BasicTypeRegistry     : Adding type registration uuid-binary -> org.hibernate.type.BasicTypeReference@67d8faec
2024-11-07T21:56:41.305+05:30 DEBUG 10112 --- [contenttree] [           main] org.hibernate.type.BasicTypeRegistry     : Adding type registration uuid-char -> org.hibernate.type.BasicTypeReference@751d7425
2024-11-07T21:56:41.305+05:30 DEBUG 10112 --- [contenttree] [           main] org.hibernate.type.BasicTypeRegistry     : Adding type registration class -> org.hibernate.type.BasicTypeReference@7eaa2bc6
2024-11-07T21:56:41.305+05:30 DEBUG 10112 --- [contenttree] [           main] org.hibernate.type.BasicTypeRegistry     : Adding type registration java.lang.Class -> org.hibernate.type.BasicTypeReference@7eaa2bc6
2024-11-07T21:56:41.305+05:30 DEBUG 10112 --- [contenttree] [           main] org.hibernate.type.BasicTypeRegistry     : Adding type registration currency -> org.hibernate.type.BasicTypeReference@6dae70f9
2024-11-07T21:56:41.305+05:30 DEBUG 10112 --- [contenttree] [           main] org.hibernate.type.BasicTypeRegistry     : Adding type registration Currency -> org.hibernate.type.BasicTypeReference@6dae70f9
2024-11-07T21:56:41.305+05:30 DEBUG 10112 --- [contenttree] [           main] org.hibernate.type.BasicTypeRegistry     : Adding type registration java.util.Currency -> org.hibernate.type.BasicTypeReference@6dae70f9
2024-11-07T21:56:41.306+05:30 DEBUG 10112 --- [contenttree] [           main] org.hibernate.type.BasicTypeRegistry     : Adding type registration locale -> org.hibernate.type.BasicTypeReference@4d81e83a
2024-11-07T21:56:41.306+05:30 DEBUG 10112 --- [contenttree] [           main] org.hibernate.type.BasicTypeRegistry     : Adding type registration java.util.Locale -> org.hibernate.type.BasicTypeReference@4d81e83a
2024-11-07T21:56:41.306+05:30 DEBUG 10112 --- [contenttree] [           main] org.hibernate.type.BasicTypeRegistry     : Adding type registration serializable -> org.hibernate.type.BasicTypeReference@53a301f3
2024-11-07T21:56:41.306+05:30 DEBUG 10112 --- [contenttree] [           main] org.hibernate.type.BasicTypeRegistry     : Adding type registration java.io.Serializable -> org.hibernate.type.BasicTypeReference@53a301f3
2024-11-07T21:56:41.306+05:30 DEBUG 10112 --- [contenttree] [           main] org.hibernate.type.BasicTypeRegistry     : Adding type registration timezone -> org.hibernate.type.BasicTypeReference@7cf8f45a
2024-11-07T21:56:41.306+05:30 DEBUG 10112 --- [contenttree] [           main] org.hibernate.type.BasicTypeRegistry     : Adding type registration java.util.TimeZone -> org.hibernate.type.BasicTypeReference@7cf8f45a
2024-11-07T21:56:41.306+05:30 DEBUG 10112 --- [contenttree] [           main] org.hibernate.type.BasicTypeRegistry     : Adding type registration ZoneOffset -> org.hibernate.type.BasicTypeReference@62cf6a84
2024-11-07T21:56:41.306+05:30 DEBUG 10112 --- [contenttree] [           main] org.hibernate.type.BasicTypeRegistry     : Adding type registration java.time.ZoneOffset -> org.hibernate.type.BasicTypeReference@62cf6a84
2024-11-07T21:56:41.307+05:30 DEBUG 10112 --- [contenttree] [           main] org.hibernate.type.BasicTypeRegistry     : Adding type registration url -> org.hibernate.type.BasicTypeReference@204d9edf
2024-11-07T21:56:41.307+05:30 DEBUG 10112 --- [contenttree] [           main] org.hibernate.type.BasicTypeRegistry     : Adding type registration java.net.URL -> org.hibernate.type.BasicTypeReference@204d9edf
2024-11-07T21:56:41.307+05:30 DEBUG 10112 --- [contenttree] [           main] org.hibernate.type.BasicTypeRegistry     : Adding type registration vector -> org.hibernate.type.BasicTypeReference@6b2aafbc
2024-11-07T21:56:41.307+05:30 DEBUG 10112 --- [contenttree] [           main] org.hibernate.type.BasicTypeRegistry     : Adding type registration row_version -> org.hibernate.type.BasicTypeReference@50cbcca7
2024-11-07T21:56:41.356+05:30 DEBUG 10112 --- [contenttree] [           main] org.hibernate.type.BasicTypeRegistry     : Adding type registration object -> org.hibernate.type.JavaObjectType@9a9aa68
2024-11-07T21:56:41.356+05:30 DEBUG 10112 --- [contenttree] [           main] org.hibernate.type.BasicTypeRegistry     : Adding type registration java.lang.Object -> org.hibernate.type.JavaObjectType@9a9aa68
2024-11-07T21:56:41.362+05:30 DEBUG 10112 --- [contenttree] [           main] org.hibernate.type.BasicTypeRegistry     : Adding type registration null -> org.hibernate.type.NullType@359ceb13
2024-11-07T21:56:41.362+05:30 DEBUG 10112 --- [contenttree] [           main] org.hibernate.type.BasicTypeRegistry     : Adding type registration imm_date -> org.hibernate.type.BasicTypeReference@1068176
2024-11-07T21:56:41.363+05:30 DEBUG 10112 --- [contenttree] [           main] org.hibernate.type.BasicTypeRegistry     : Adding type registration imm_time -> org.hibernate.type.BasicTypeReference@5bf4764d
2024-11-07T21:56:41.363+05:30 DEBUG 10112 --- [contenttree] [           main] org.hibernate.type.BasicTypeRegistry     : Adding type registration imm_timestamp -> org.hibernate.type.BasicTypeReference@71789580
2024-11-07T21:56:41.363+05:30 DEBUG 10112 --- [contenttree] [           main] org.hibernate.type.BasicTypeRegistry     : Adding type registration imm_calendar -> org.hibernate.type.BasicTypeReference@23ee2ccf
2024-11-07T21:56:41.363+05:30 DEBUG 10112 --- [contenttree] [           main] org.hibernate.type.BasicTypeRegistry     : Adding type registration imm_calendar_date -> org.hibernate.type.BasicTypeReference@165614f5
2024-11-07T21:56:41.364+05:30 DEBUG 10112 --- [contenttree] [           main] org.hibernate.type.BasicTypeRegistry     : Adding type registration imm_calendar_time -> org.hibernate.type.BasicTypeReference@6e685e6c
2024-11-07T21:56:41.364+05:30 DEBUG 10112 --- [contenttree] [           main] org.hibernate.type.BasicTypeRegistry     : Adding type registration imm_binary -> org.hibernate.type.BasicTypeReference@5b0902b4
2024-11-07T21:56:41.364+05:30 DEBUG 10112 --- [contenttree] [           main] org.hibernate.type.BasicTypeRegistry     : Adding type registration imm_serializable -> org.hibernate.type.BasicTypeReference@9d3d54e
2024-11-07T21:56:41.405+05:30 DEBUG 10112 --- [contenttree] [           main] o.h.boot.internal.BootstrapContextImpl   : Injecting JPA temp ClassLoader [org.springframework.instrument.classloading.SimpleThrowawayClassLoader@69f080ad] into BootstrapContext; was [null]
2024-11-07T21:56:41.405+05:30 DEBUG 10112 --- [contenttree] [           main] o.h.boot.internal.ClassLoaderAccessImpl  : ClassLoaderAccessImpl#injectTempClassLoader(org.springframework.instrument.classloading.SimpleThrowawayClassLoader@69f080ad) [was null]
2024-11-07T21:56:41.411+05:30 DEBUG 10112 --- [contenttree] [           main] o.h.boot.internal.BootstrapContextImpl   : Injecting ScanEnvironment [org.hibernate.jpa.boot.internal.StandardJpaScanEnvironmentImpl@37314843] into BootstrapContext; was [null]
2024-11-07T21:56:41.412+05:30 DEBUG 10112 --- [contenttree] [           main] o.h.boot.internal.BootstrapContextImpl   : Injecting ScanOptions [org.hibernate.boot.archive.scan.internal.StandardScanOptions@50122012] into BootstrapContext; was [org.hibernate.boot.archive.scan.internal.StandardScanOptions@569348e1]
2024-11-07T21:56:42.068+05:30  INFO 10112 --- [contenttree] [           main] o.s.o.j.p.SpringPersistenceUnitInfo      : No LoadTimeWeaver setup: ignoring JPA class transformer
2024-11-07T21:56:42.069+05:30 DEBUG 10112 --- [contenttree] [           main] o.h.boot.internal.BootstrapContextImpl   : Injecting JPA temp ClassLoader [null] into BootstrapContext; was [org.springframework.instrument.classloading.SimpleThrowawayClassLoader@69f080ad]
2024-11-07T21:56:42.069+05:30 DEBUG 10112 --- [contenttree] [           main] o.h.boot.internal.ClassLoaderAccessImpl  : ClassLoaderAccessImpl#injectTempClassLoader(null) [was org.springframework.instrument.classloading.SimpleThrowawayClassLoader@69f080ad]
2024-11-07T21:56:42.205+05:30  INFO 10112 --- [contenttree] [           main] com.zaxxer.hikari.HikariDataSource       : HikariPool-1 - Starting...
2024-11-07T21:56:44.129+05:30  INFO 10112 --- [contenttree] [           main] com.zaxxer.hikari.pool.HikariPool        : HikariPool-1 - Added connection com.mysql.cj.jdbc.ConnectionImpl@284c4f02
2024-11-07T21:56:44.135+05:30  INFO 10112 --- [contenttree] [           main] com.zaxxer.hikari.HikariDataSource       : HikariPool-1 - Start completed.
2024-11-07T21:56:44.148+05:30 DEBUG 10112 --- [contenttree] [           main] o.h.e.j.e.i.JdbcEnvironmentInitiator     : Database ->
	   name : MySQL
	version : 8.0.39-0ubuntu0.22.04.1
	  major : 8
	  minor : 0
2024-11-07T21:56:44.149+05:30 DEBUG 10112 --- [contenttree] [           main] o.h.e.j.e.i.JdbcEnvironmentInitiator     : Driver ->
	   name : MySQL Connector/J
	version : mysql-connector-j-8.3.0 (Revision: 805f872a57875f311cb82487efcfb070411a3fa0)
	  major : 8
	  minor : 3
2024-11-07T21:56:44.149+05:30 DEBUG 10112 --- [contenttree] [           main] o.h.e.j.e.i.JdbcEnvironmentInitiator     : JDBC version : 4.2
2024-11-07T21:56:44.362+05:30  WARN 10112 --- [contenttree] [           main] org.hibernate.orm.deprecation            : HHH90000025: MySQL8Dialect does not need to be specified explicitly using 'hibernate.dialect' (remove the property setting and it will be selected by default)
2024-11-07T21:56:44.364+05:30 DEBUG 10112 --- [contenttree] [           main] org.hibernate.orm.dialect                : HHH035001: Using dialect: org.hibernate.dialect.MySQL8Dialect, version: 8.0
2024-11-07T21:56:44.364+05:30  WARN 10112 --- [contenttree] [           main] org.hibernate.orm.deprecation            : HHH90000026: MySQL8Dialect has been deprecated; use org.hibernate.dialect.MySQLDialect instead
2024-11-07T21:56:44.370+05:30 DEBUG 10112 --- [contenttree] [           main] o.h.e.j.env.spi.IdentifierHelperBuilder  : JDBC driver metadata reported database stores quoted identifiers in more than one case
2024-11-07T21:56:44.371+05:30 DEBUG 10112 --- [contenttree] [           main] o.h.e.j.env.spi.IdentifierHelperBuilder  : IdentifierCaseStrategy for both quoted and unquoted identifiers was set to the same strategy [MIXED]; that will likely lead to problems in schema update and validation if using quoted identifiers
2024-11-07T21:56:44.400+05:30 DEBUG 10112 --- [contenttree] [           main] o.h.t.d.sql.spi.DdlTypeRegistry          : addDescriptor(12, org.hibernate.type.descriptor.sql.internal.CapacityDependentDdlType@7827d7b) replaced previous registration(org.hibernate.type.descriptor.sql.internal.CapacityDependentDdlType@646cb2e)
2024-11-07T21:56:44.401+05:30 DEBUG 10112 --- [contenttree] [           main] o.h.t.d.sql.spi.DdlTypeRegistry          : addDescriptor(-9, org.hibernate.type.descriptor.sql.internal.CapacityDependentDdlType@2e7a9db7) replaced previous registration(org.hibernate.type.descriptor.sql.internal.CapacityDependentDdlType@5315266)
2024-11-07T21:56:44.401+05:30 DEBUG 10112 --- [contenttree] [           main] o.h.t.d.sql.spi.DdlTypeRegistry          : addDescriptor(-3, org.hibernate.type.descriptor.sql.internal.CapacityDependentDdlType@11cc9e1e) replaced previous registration(org.hibernate.type.descriptor.sql.internal.CapacityDependentDdlType@216328b2)
2024-11-07T21:56:44.401+05:30 DEBUG 10112 --- [contenttree] [           main] o.h.t.d.sql.spi.DdlTypeRegistry          : addDescriptor(4003, org.hibernate.type.descriptor.sql.internal.DdlTypeImpl@5b0e9e0c) replaced previous registration(org.hibernate.type.descriptor.sql.internal.DdlTypeImpl@54234569)
2024-11-07T21:56:44.402+05:30 DEBUG 10112 --- [contenttree] [           main] o.h.t.d.sql.spi.DdlTypeRegistry          : addDescriptor(4001, org.hibernate.type.descriptor.sql.internal.DdlTypeImpl@21ea1d9d) replaced previous registration(org.hibernate.type.descriptor.sql.internal.DdlTypeImpl@19f497aa)
2024-11-07T21:56:44.402+05:30 DEBUG 10112 --- [contenttree] [           main] o.h.t.d.sql.spi.DdlTypeRegistry          : addDescriptor(4002, org.hibernate.type.descriptor.sql.internal.DdlTypeImpl@36a58466) replaced previous registration(org.hibernate.type.descriptor.sql.internal.DdlTypeImpl@78e387d6)
2024-11-07T21:56:44.402+05:30 DEBUG 10112 --- [contenttree] [           main] o.h.t.d.sql.spi.DdlTypeRegistry          : addDescriptor(2004, org.hibernate.type.descriptor.sql.internal.CapacityDependentDdlType@9147ba2) replaced previous registration(org.hibernate.type.descriptor.sql.internal.DdlTypeImpl@3460e4ed)
2024-11-07T21:56:44.402+05:30 DEBUG 10112 --- [contenttree] [           main] o.h.t.d.sql.spi.DdlTypeRegistry          : addDescriptor(2005, org.hibernate.type.descriptor.sql.internal.CapacityDependentDdlType@2efcc0b3) replaced previous registration(org.hibernate.type.descriptor.sql.internal.DdlTypeImpl@4a453f8d)
[...]
	at org.springframework.beans.factory.support.AbstractAutowireCapableBeanFactory.initializeBean(AbstractAutowireCapableBeanFactory.java:1802) ~[spring-beans-6.1.13.jar:6.1.13]
	... 94 common frames omitted

2024-11-07T21:56:53.283+05:30 DEBUG 10112 --- [contenttree] [           main] org.springframework.test.context.cache   : Spring test ApplicationContext cache statistics: [DefaultContextCache@165634aa size = 0, maxSize = 32, parentContextCount = 0, hitCount = 0, missCount = 1, failureCount = 1]
2024-11-07T21:56:53.283+05:30  WARN 10112 --- [contenttree] [           main] o.s.test.context.TestContextManager      : Caught exception while allowing TestExecutionListener [org.springframework.test.context.web.ServletTestExecutionListener] to prepare test instance [com.contenttree.ContenttreeApplicationTests@1c2503d2]

java.lang.IllegalStateException: Failed to load ApplicationContext for [WebMergedContextConfiguration@712adc04 testClass = com.contenttree.ContenttreeApplicationTests, locations = [], classes = [com.contenttree.ContenttreeApplication], contextInitializerClasses = [], activeProfiles = [], propertySourceDescriptors = [], propertySourceProperties = ["org.springframework.boot.test.context.SpringBootTestContextBootstrapper=true"], contextCustomizers = [org.springframework.boot.test.context.filter.ExcludeFilterContextCustomizer@13d73f29, org.springframework.boot.test.json.DuplicateJsonObjectContextCustomizerFactory$DuplicateJsonObjectContextCustomizer@2fb0623e, org.springframework.boot.test.mock.mockito.MockitoContextCustomizer@0, org.springframework.boot.test.web.client.TestRestTemplateContextCustomizer@4ee203eb, org.springframework.boot.test.web.reactor.netty.DisableReactorResourceFactoryGlobalResourcesContextCustomizerFactory$DisableReactorResourceFactoryGlobalResourcesContextCustomizerCustomizer@6bb4dd34, org.springframework.boot.test.autoconfigure.actuate.observability.ObservabilityContextCustomizerFactory$DisableObservabilityContextCustomizer@1f, org.springframework.boot.test.autoconfigure.properties.PropertyMappingContextCustomizer@0, org.springframework.boot.test.autoconfigure.web.servlet.WebDriverContextCustomizer@4bff7da0, org.springframework.boot.test.context.SpringBootTestAnnotation@8f2f9999], resourceBasePath = "src/main/webapp", contextLoader = org.springframework.boot.test.context.SpringBootContextLoader, parent = null]
	at org.springframework.test.context.cache.DefaultCacheAwareContextLoaderDelegate.loadContext(DefaultCacheAwareContextLoaderDelegate.java:180) ~[spring-test-6.1.13.jar:6.1.13]
	at org.springframework.test.context.support.DefaultTestContext.getApplicationContext(DefaultTestContext.java:130) ~[spring-test-6.1.13.jar:6.1.13]
	at org.springframework.test.context.web.ServletTestExecutionListener.setUpRequestContextIfNecessary(ServletTestExecutionListener.java:191) ~[spring-test-6.1.13.jar:6.1.13]
	at org.springframework.test.context.web.ServletTestExecutionListener.prepareTestInstance(ServletTestExecutionListener.java:130) ~[spring-test-6.1.13.jar:6.1.13]
	at org.springframework.test.context.TestContextManager.prepareTestInstance(TestContextManager.java:260) ~[spring-test-6.1.13.jar:6.1.13]
	at org.springframework.test.context.junit.jupiter.SpringExtension.postProcessTestInstance(SpringExtension.java:163) ~[spring-test-6.1.13.jar:6.1.13]
	at org.junit.jupiter.engine.descriptor.ClassBasedTestDescriptor.lambda$invokeTestInstancePostProcessors$10(ClassBasedTestDescriptor.java:378) ~[junit-jupiter-engine-5.10.3.jar:5.10.3]
	at org.junit.jupiter.engine.descriptor.ClassBasedTestDescriptor.executeAndMaskThrowable(ClassBasedTestDescriptor.java:383) ~[junit-jupiter-engine-5.10.3.jar:5.10.3]
	at org.junit.jupiter.engine.descriptor.ClassBasedTestDescriptor.lambda$invokeTestInstancePostProcessors$11(ClassBasedTestDescriptor.java:378) ~[junit-jupiter-engine-5.10.3.jar:5.10.3]
	at java.base/java.util.stream.ReferencePipeline$3$1.accept(ReferencePipeline.java:197) ~[na:na]
	at java.base/java.util.stream.ReferencePipeline$2$1.accept(ReferencePipeline.java:179) ~[na:na]
	at java.base/java.util.ArrayList$ArrayListSpliterator.forEachRemaining(ArrayList.java:1625) ~[na:na]
	at java.base/java.util.stream.AbstractPipeline.copyInto(AbstractPipeline.java:509) ~[na:na]
	at java.base/java.util.stream.AbstractPipeline.wrapAndCopyInto(AbstractPipeline.java:499) ~[na:na]
	at java.base/java.util.stream.StreamSpliterators$WrappingSpliterator.forEachRemaining(StreamSpliterators.java:310) ~[na:na]
	at java.base/java.util.stream.Streams$ConcatSpliterator.forEachRemaining(Streams.java:735) ~[na:na]
	at java.base/java.util.stream.Streams$ConcatSpliterator.forEachRemaining(Streams.java:734) ~[na:na]
	at java.base/java.util.stream.ReferencePipeline$Head.forEach(ReferencePipeline.java:762) ~[na:na]
	at org.junit.jupiter.engine.descriptor.ClassBasedTestDescriptor.invokeTestInstancePostProcessors(ClassBasedTestDescriptor.java:377) ~[junit-jupiter-engine-5.10.3.jar:5.10.3]
	at org.junit.jupiter.engine.descriptor.ClassBasedTestDescriptor.lambda$instantiateAndPostProcessTestInstance$6(ClassBasedTestDescriptor.java:290) ~[junit-jupiter-engine-5.10.3.jar:5.10.3]
	at org.junit.platform.engine.support.hierarchical.ThrowableCollector.execute(ThrowableCollector.java:73) ~[junit-platform-engine-1.10.3.jar:1.10.3]
	at org.junit.jupiter.engine.descriptor.ClassBasedTestDescriptor.instantiateAndPostProcessTestInstance(ClassBasedTestDescriptor.java:289) ~[junit-jupiter-engine-5.10.3.jar:5.10.3]
	at org.junit.jupiter.engine.descriptor.ClassBasedTestDescriptor.lambda$testInstancesProvider$4(ClassBasedTestDescriptor.java:279) ~[junit-jupiter-engine-5.10.3.jar:5.10.3]
	at java.base/java.util.Optional.orElseGet(Optional.java:364) ~[na:na]
	at org.junit.jupiter.engine.descriptor.ClassBasedTestDescriptor.lambda$testInstancesProvider$5(ClassBasedTestDescriptor.java:278) ~[junit-jupiter-engine-5.10.3.jar:5.10.3]
	at org.junit.jupiter.engine.execution.TestInstancesProvider.getTestInstances(TestInstancesProvider.java:31) ~[junit-jupiter-engine-5.10.3.jar:5.10.3]
	at org.junit.jupiter.engine.descriptor.TestMethodTestDescriptor.lambda$prepare$0(TestMethodTestDescriptor.java:106) ~[junit-jupiter-engine-5.10.3.jar:5.10.3]
	at org.junit.platform.engine.support.hierarchical.ThrowableCollector.execute(ThrowableCollector.java:73) ~[junit-platform-engine-1.10.3.jar:1.10.3]
	at org.junit.jupiter.engine.descriptor.TestMethodTestDescriptor.prepare(TestMethodTestDescriptor.java:105) ~[junit-jupiter-engine-5.10.3.jar:5.10.3]
	at org.junit.jupiter.engine.descriptor.TestMethodTestDescriptor.prepare(TestMethodTestDescriptor.java:69) ~[junit-jupiter-engine-5.10.3.jar:5.10.3]
	at org.junit.platform.engine.support.hierarchical.NodeTestTask.lambda$prepare$2(NodeTestTask.java:123) ~[junit-platform-engine-1.10.3.jar:1.10.3]
	at org.junit.platform.engine.support.hierarchical.ThrowableCollector.execute(ThrowableCollector.java:73) ~[junit-platform-engine-1.10.3.jar:1.10.3]
	at org.junit.platform.engine.support.hierarchical.NodeTestTask.prepare(NodeTestTask.java:123) ~[junit-platform-engine-1.10.3.jar:1.10.3]
	at org.junit.platform.engine.support.hierarchical.NodeTestTask.execute(NodeTestTask.java:90) ~[junit-platform-engine-1.10.3.jar:1.10.3]
	at java.base/java.util.ArrayList.forEach(ArrayList.java:1511) ~[na:na]
	at org.junit.platform.engine.support.hierarchical.SameThreadHierarchicalTestExecutorService.invokeAll(SameThreadHierarchicalTestExecutorService.java:41) ~[junit-platform-engine-1.10.3.jar:1.10.3]
	at org.junit.platform.engine.support.hierarchical.NodeTestTask.lambda$executeRecursively$6(NodeTestTask.java:155) ~[junit-platform-engine-1.10.3.jar:1.10.3]
	at org.junit.platform.engine.support.hierarchical.ThrowableCollector.execute(ThrowableCollector.java:73) ~[junit-platform-engine-1.10.3.jar:1.10.3]
	at org.junit.platform.engine.support.hierarchical.NodeTestTask.lambda$executeRecursively$8(NodeTestTask.java:141) ~[junit-platform-engine-1.10.3.jar:1.10.3]
	at org.junit.platform.engine.support.hierarchical.Node.around(Node.java:137) ~[junit-platform-engine-1.10.3.jar:1.10.3]
	at org.junit.platform.engine.support.hierarchical.NodeTestTask.lambda$executeRecursively$9(NodeTestTask.java:139) ~[junit-platform-engine-1.10.3.jar:1.10.3]
	at org.junit.platform.engine.support.hierarchical.ThrowableCollector.execute(ThrowableCollector.java:73) ~[junit-platform-engine-1.10.3.jar:1.10.3]
	at org.junit.platform.engine.support.hierarchical.NodeTestTask.executeRecursively(NodeTestTask.java:138) ~[junit-platform-engine-1.10.3.jar:1.10.3]
	at org.junit.platform.engine.support.hierarchical.NodeTestTask.execute(NodeTestTask.java:95) ~[junit-platform-engine-1.10.3.jar:1.10.3]
	at java.base/java.util.ArrayList.forEach(ArrayList.java:1511) ~[na:na]
	at org.junit.platform.engine.support.hierarchical.SameThreadHierarchicalTestExecutorService.invokeAll(SameThreadHierarchicalTestExecutorService.java:41) ~[junit-platform-engine-1.10.3.jar:1.10.3]
	at org.junit.platform.engine.support.hierarchical.NodeTestTask.lambda$executeRecursively$6(NodeTestTask.java:155) ~[junit-platform-engine-1.10.3.jar:1.10.3]
	at org.junit.platform.engine.support.hierarchical.ThrowableCollector.execute(ThrowableCollector.java:73) ~[junit-platform-engine-1.10.3.jar:1.10.3]
	at org.junit.platform.engine.support.hierarchical.NodeTestTask.lambda$executeRecursively$8(NodeTestTask.java:141) ~[junit-platform-engine-1.10.3.jar:1.10.3]
	at org.junit.platform.engine.support.hierarchical.Node.around(Node.java:137) ~[junit-platform-engine-1.10.3.jar:1.10.3]
	at org.junit.platform.engine.support.hierarchical.NodeTestTask.lambda$executeRecursively$9(NodeTestTask.java:139) ~[junit-platform-engine-1.10.3.jar:1.10.3]
	at org.junit.platform.engine.support.hierarchical.ThrowableCollector.execute(ThrowableCollector.java:73) ~[junit-platform-engine-1.10.3.jar:1.10.3]
	at org.junit.platform.engine.support.hierarchical.NodeTestTask.executeRecursively(NodeTestTask.java:138) ~[junit-platform-engine-1.10.3.jar:1.10.3]
	at org.junit.platform.engine.support.hierarchical.NodeTestTask.execute(NodeTestTask.java:95) ~[junit-platform-engine-1.10.3.jar:1.10.3]
	at org.junit.platform.engine.support.hierarchical.SameThreadHierarchicalTestExecutorService.submit(SameThreadHierarchicalTestExecutorService.java:35) ~[junit-platform-engine-1.10.3.jar:1.10.3]
	at org.junit.platform.engine.support.hierarchical.HierarchicalTestExecutor.execute(HierarchicalTestExecutor.java:57) ~[junit-platform-engine-1.10.3.jar:1.10.3]
	at org.junit.platform.engine.support.hierarchical.HierarchicalTestEngine.execute(HierarchicalTestEngine.java:54) ~[junit-platform-engine-1.10.3.jar:1.10.3]
	at org.junit.platform.launcher.core.EngineExecutionOrchestrator.execute(EngineExecutionOrchestrator.java:198) ~[junit-platform-launcher-1.10.3.jar:1.10.3]
	at org.junit.platform.launcher.core.EngineExecutionOrchestrator.execute(EngineExecutionOrchestrator.java:169) ~[junit-platform-launcher-1.10.3.jar:1.10.3]
	at org.junit.platform.launcher.core.EngineExecutionOrchestrator.execute(EngineExecutionOrchestrator.java:93) ~[junit-platform-launcher-1.10.3.jar:1.10.3]
	at org.junit.platform.launcher.core.EngineExecutionOrchestrator.lambda$execute$0(EngineExecutionOrchestrator.java:58) ~[junit-platform-launcher-1.10.3.jar:1.10.3]
	at org.junit.platform.launcher.core.EngineExecutionOrchestrator.withInterceptedStreams(EngineExecutionOrchestrator.java:141) ~[junit-platform-launcher-1.10.3.jar:1.10.3]
	at org.junit.platform.launcher.core.EngineExecutionOrchestrator.execute(EngineExecutionOrchestrator.java:57) ~[junit-platform-launcher-1.10.3.jar:1.10.3]
	at org.junit.platform.launcher.core.DefaultLauncher.execute(DefaultLauncher.java:103) ~[junit-platform-launcher-1.10.3.jar:1.10.3]
	at org.junit.platform.launcher.core.DefaultLauncher.execute(DefaultLauncher.java:85) ~[junit-platform-launcher-1.10.3.jar:1.10.3]
	at org.junit.platform.launcher.core.DelegatingLauncher.execute(DelegatingLauncher.java:47) ~[junit-platform-launcher-1.10.3.jar:1.10.3]
	at org.apache.maven.surefire.junitplatform.LazyLauncher.execute(LazyLauncher.java:56) ~[surefire-junit-platform-3.2.5.jar:3.2.5]
	at org.apache.maven.surefire.junitplatform.JUnitPlatformProvider.execute(JUnitPlatformProvider.java:184) ~[surefire-junit-platform-3.2.5.jar:3.2.5]
	at org.apache.maven.surefire.junitplatform.JUnitPlatformProvider.invokeAllTests(JUnitPlatformProvider.java:148) ~[surefire-junit-platform-3.2.5.jar:3.2.5]
	at org.apache.maven.surefire.junitplatform.JUnitPlatformProvider.invoke(JUnitPlatformProvider.java:122) ~[surefire-junit-platform-3.2.5.jar:3.2.5]
	at org.apache.maven.surefire.booter.ForkedBooter.runSuitesInProcess(ForkedBooter.java:385) ~[surefire-booter-3.2.5.jar:3.2.5]
	at org.apache.maven.surefire.booter.ForkedBooter.execute(ForkedBooter.java:162) ~[surefire-booter-3.2.5.jar:3.2.5]
	at org.apache.maven.surefire.booter.ForkedBooter.run(ForkedBooter.java:507) ~[surefire-booter-3.2.5.jar:3.2.5]
	at org.apache.maven.surefire.booter.ForkedBooter.main(ForkedBooter.java:495) ~[surefire-booter-3.2.5.jar:3.2.5]
Caused by: org.springframework.beans.factory.BeanCreationException: Error creating bean with name 'userDataStorageRepository' defined in com.contenttree.userdatastorage.UserDataStorageRepository defined in @EnableJpaRepositories declared on JpaRepositoriesRegistrar.EnableJpaRepositoriesConfiguration: Not a managed type: class com.contenttree.userdatastorage.UserDataStorage
	at org.springframework.beans.factory.support.AbstractAutowireCapableBeanFactory.initializeBean(AbstractAutowireCapableBeanFactory.java:1806) ~[spring-beans-6.1.13.jar:6.1.13]
	at org.springframework.beans.factory.support.AbstractAutowireCapableBeanFactory.doCreateBean(AbstractAutowireCapableBeanFactory.java:600) ~[spring-beans-6.1.13.jar:6.1.13]
	at org.springframework.beans.factory.support.AbstractAutowireCapableBeanFactory.createBean(AbstractAutowireCapableBeanFactory.java:522) ~[spring-beans-6.1.13.jar:6.1.13]
	at org.springframework.beans.factory.support.AbstractBeanFactory.lambda$doGetBean$0(AbstractBeanFactory.java:337) ~[spring-beans-6.1.13.jar:6.1.13]
	at org.springframework.beans.factory.support.DefaultSingletonBeanRegistry.getSingleton(DefaultSingletonBeanRegistry.java:234) ~[spring-beans-6.1.13.jar:6.1.13]
	at org.springframework.beans.factory.support.AbstractBeanFactory.doGetBean(AbstractBeanFactory.java:335) ~[spring-beans-6.1.13.jar:6.1.13]
	at org.springframework.beans.factory.support.AbstractBeanFactory.getBean(AbstractBeanFactory.java:200) ~[spring-beans-6.1.13.jar:6.1.13]
	at org.springframework.beans.factory.support.DefaultListableBeanFactory.preInstantiateSingletons(DefaultListableBeanFactory.java:969) ~[spring-beans-6.1.13.jar:6.1.13]
	at org.springframework.context.support.AbstractApplicationContext.finishBeanFactoryInitialization(AbstractApplicationContext.java:971) ~[spring-context-6.1.13.jar:6.1.13]
	at org.springframework.context.support.AbstractApplicationContext.refresh(AbstractApplicationContext.java:625) ~[spring-context-6.1.13.jar:6.1.13]
	at org.springframework.boot.SpringApplication.refresh(SpringApplication.java:754) ~[spring-boot-3.3.4.jar:3.3.4]
	at org.springframework.boot.SpringApplication.refreshContext(SpringApplication.java:456) ~[spring-boot-3.3.4.jar:3.3.4]
	at org.springframework.boot.SpringApplication.run(SpringApplication.java:335) ~[spring-boot-3.3.4.jar:3.3.4]
	at org.springframework.boot.test.context.SpringBootContextLoader.lambda$loadContext$3(SpringBootContextLoader.java:137) ~[spring-boot-test-3.3.4.jar:3.3.4]
	at org.springframework.util.function.ThrowingSupplier.get(ThrowingSupplier.java:58) ~[spring-core-6.1.13.jar:6.1.13]
	at org.springframework.util.function.ThrowingSupplier.get(ThrowingSupplier.java:46) ~[spring-core-6.1.13.jar:6.1.13]
	at org.springframework.boot.SpringApplication.withHook(SpringApplication.java:1463) ~[spring-boot-3.3.4.jar:3.3.4]
	at org.springframework.boot.test.context.SpringBootContextLoader$ContextLoaderHook.run(SpringBootContextLoader.java:553) ~[spring-boot-test-3.3.4.jar:3.3.4]
	at org.springframework.boot.test.context.SpringBootContextLoader.loadContext(SpringBootContextLoader.java:137) ~[spring-boot-test-3.3.4.jar:3.3.4]
	at org.springframework.boot.test.context.SpringBootContextLoader.loadContext(SpringBootContextLoader.java:108) ~[spring-boot-test-3.3.4.jar:3.3.4]
	at org.springframework.test.context.cache.DefaultCacheAwareContextLoaderDelegate.loadContextInternal(DefaultCacheAwareContextLoaderDelegate.java:225) ~[spring-test-6.1.13.jar:6.1.13]
	at org.springframework.test.context.cache.DefaultCacheAwareContextLoaderDelegate.loadContext(DefaultCacheAwareContextLoaderDelegate.java:152) ~[spring-test-6.1.13.jar:6.1.13]
	... 73 common frames omitted
Caused by: java.lang.IllegalArgumentException: Not a managed type: class com.contenttree.userdatastorage.UserDataStorage
	at org.hibernate.metamodel.model.domain.internal.JpaMetamodelImpl.managedType(JpaMetamodelImpl.java:194) ~[hibernate-core-6.5.3.Final.jar:6.5.3.Final]
	at org.hibernate.metamodel.model.domain.internal.MappingMetamodelImpl.managedType(MappingMetamodelImpl.java:469) ~[hibernate-core-6.5.3.Final.jar:6.5.3.Final]
	at org.hibernate.metamodel.model.domain.internal.MappingMetamodelImpl.managedType(MappingMetamodelImpl.java:99) ~[hibernate-core-6.5.3.Final.jar:6.5.3.Final]
	at org.springframework.data.jpa.repository.support.JpaMetamodelEntityInformation.<init>(JpaMetamodelEntityInformation.java:82) ~[spring-data-jpa-3.3.4.jar:3.3.4]
	at org.springframework.data.jpa.repository.support.JpaEntityInformationSupport.getEntityInformation(JpaEntityInformationSupport.java:69) ~[spring-data-jpa-3.3.4.jar:3.3.4]
	at org.springframework.data.jpa.repository.support.JpaRepositoryFactory.getEntityInformation(JpaRepositoryFactory.java:249) ~[spring-data-jpa-3.3.4.jar:3.3.4]
	at org.springframework.data.jpa.repository.support.JpaRepositoryFactory.getTargetRepository(JpaRepositoryFactory.java:214) ~[spring-data-jpa-3.3.4.jar:3.3.4]
	at org.springframework.data.jpa.repository.support.JpaRepositoryFactory.getTargetRepository(JpaRepositoryFactory.java:197) ~[spring-data-jpa-3.3.4.jar:3.3.4]
	at org.springframework.data.jpa.repository.support.JpaRepositoryFactory.getTargetRepository(JpaRepositoryFactory.java:1) ~[spring-data-jpa-3.3.4.jar:3.3.4]
	at org.springframework.data.repository.core.support.RepositoryFactorySupport.getRepository(RepositoryFactorySupport.java:317) ~[spring-data-commons-3.3.4.jar:3.3.4]
	at org.springframework.data.repository.core.support.RepositoryFactoryBeanSupport.lambda$afterPropertiesSet$5(RepositoryFactoryBeanSupport.java:286) ~[spring-data-commons-3.3.4.jar:3.3.4]
	at org.springframework.data.util.Lazy.getNullable(Lazy.java:135) ~[spring-data-commons-3.3.4.jar:3.3.4]
	at org.springframework.data.util.Lazy.get(Lazy.java:113) ~[spring-data-commons-3.3.4.jar:3.3.4]
	at org.springframework.data.repository.core.support.RepositoryFactoryBeanSupport.afterPropertiesSet(RepositoryFactoryBeanSupport.java:292) ~[spring-data-commons-3.3.4.jar:3.3.4]
	at org.springframework.data.jpa.repository.support.JpaRepositoryFactoryBean.afterPropertiesSet(JpaRepositoryFactoryBean.java:132) ~[spring-data-jpa-3.3.4.jar:3.3.4]
	at org.springframework.beans.factory.support.AbstractAutowireCapableBeanFactory.invokeInitMethods(AbstractAutowireCapableBeanFactory.java:1853) ~[spring-beans-6.1.13.jar:6.1.13]
	at org.springframework.beans.factory.support.AbstractAutowireCapableBeanFactory.initializeBean(AbstractAutowireCapableBeanFactory.java:1802) ~[spring-beans-6.1.13.jar:6.1.13]
	... 94 common frames omitted

]]></system-out>
    <system-err><![CDATA[


============================
CONDITIONS EVALUATION REPORT
============================


Positive matches:
-----------------

    None


Negative matches:
-----------------

    None


Exclusions:
-----------

    None


Unconditional classes:
----------------------

    None



]]></system-err>
  </testcase>
</testsuite>